#
# A fatal error has been detected by the Java Runtime Environment:
#
#  SIGSEGV (0xb) at pc=0x0000000109dde319, pid=50508, tid=775
#
# JRE version: Java(TM) SE Runtime Environment (12.0+33) (build 12+33)
# Java VM: Java HotSpot(TM) 64-Bit Server VM (12+33, mixed mode, sharing, tiered, compressed oops, g1 gc, bsd-amd64)
# Problematic frame:
# V  [libjvm.dylib+0x5de319]  SR_handler(int, __siginfo*, __darwin_ucontext*)+0x2e
#
# No core dump will be written. Core dumps have been disabled. To enable core dumping, try "ulimit -c unlimited" before starting Java again
#
# If you would like to submit a bug report, please visit:
#   http://bugreport.java.com/bugreport/crash.jsp
#

---------------  S U M M A R Y ------------

Command Line: /Users/superlamer/GitHub/code_mashup/node.js/apps/WeatherApp/utils/java/weather.jar

Host: iMac18,3 x86_64 3400 MHz, 4 cores, 24G, Darwin 18.5.0
Time: Thu May 16 23:22:42 2019 PDT elapsed time: 15 seconds (0d 0h 0m 15s)

---------------  T H R E A D  ---------------

Current thread is native thread

Stack: [0x00007ffee64a7000,0x00007ffee6ca7000],  sp=0x00007ffee6ca3ee0,  free space=8179k
Native frames: (J=compiled Java code, A=aot compiled Java code, j=interpreted, Vv=VM code, C=native code)
V  [libjvm.dylib+0x5de319]  SR_handler(int, __siginfo*, __darwin_ucontext*)+0x2e
C  [libsystem_platform.dylib+0x4b5d]  _sigtramp+0x1d
C  [libobjc.A.dylib+0x17382]  _fetchInitializingClassList(bool)+0x12
C  [CoreFoundation+0x3b13e]  __CFRunLoopServiceMachPort+0x148
C  [CoreFoundation+0x3a6ac]  __CFRunLoopRun+0x64c
C  [CoreFoundation+0x39e0e]  CFRunLoopRunSpecific+0x1c7
C  [libjli.dylib+0x6444]  CreateExecutionEnvironment+0x190
C  [libjli.dylib+0x25b7]  JLI_Launch+0x51f
C  [java+0xcad]  main+0x16f
C  [libdyld.dylib+0x163d5]  start+0x1


siginfo: si_signo: 11 (SIGSEGV), si_code: 1 (SEGV_MAPERR), si_addr: 0x00000000000000d0

Register to memory mapping:

RAX=0x0 is NULL
RBX=
[error occurred during error reporting (printing register info), id 0xb, SIGSEGV (0xb) at pc=0x0000000109eeb03a]

Registers:
RAX=0x0000000000000000, RBX=0x00007ffee6ca4348, RCX=0x000000011596666c, RDX=0x00007ffee6ca43b0
RSP=0x00007ffee6ca3ee0, RBP=0x00007ffee6ca3f10, RSI=0x00007ffee6ca4348, RDI=0x0000000000000109
R8 =0x00007ffee6ca43b0, R9 =0xddfa195cae15e87b, R10=0x0000000000000c00, R11=0x0000000000000206
R12=0x0000000000000002, R13=0x0000000000000c00, R14=0x00007ffee6ca43b0, R15=0x0000000000000000
RIP=0x0000000109dde319, EFLAGS=0x0000000000010202, ERR=0x0000000000000004
  TRAPNO=0x000000000000000e

Top of Stack: (sp=0x00007ffee6ca3ee0)
0x00007ffee6ca3ee0:   0000000109dde2eb 00007ffee6ca43b0
0x00007ffee6ca3ef0:   ddfa195cae15e87b 0000000000000c00
0x00007ffee6ca3f00:   00007ffee6ca4620 0000000000000000
0x00007ffee6ca3f10:   00007ffee6ca3f20 00007fff6a49db5d
0x00007ffee6ca3f20:   00007ffee6ca44c0 00007fff68a8d382
0x00007ffee6ca3f30:   00007fbb45d09780 00007fff95e2c9b0
0x00007ffee6ca3f40:   0100001f00000085 0000000109601000
0x00007ffee6ca3f50:   0000000010004005 0000000007000806
0x00007ffee6ca3f60:   00007ffee6ca4468 0000000000000000
0x00007ffee6ca3f70:   00007ffee6ca4620 0000000007000806
0x00007ffee6ca3f80:   00007ffee6ca44c0 00007ffee6ca4468
0x00007ffee6ca3f90:   0000000000001203 00000000ffffffff
0x00007ffee6ca3fa0:   0000000000000c00 0000000000000206
0x00007ffee6ca3fb0:   0000000007000806 0000000000000c00
0x00007ffee6ca3fc0:   00007ffee6ca4620 0000000000000000
0x00007ffee6ca3fd0:   00007fff6a3ed22a 0000000000000206
0x00007ffee6ca3fe0:   0000000000000007 0000000000000000
0x00007ffee6ca3ff0:   0000000000000000 0000000000000000
0x00007ffee6ca4000:   000000000000037f 0000000000000000
0x00007ffee6ca4010:   0000000000000000 0000ffff00001fa1
0x00007ffee6ca4020:   000000000002cd37 000000000000ffff
0x00007ffee6ca4030:   0001ffffed351bef 000000000000ffff
0x00007ffee6ca4040:   000000000001ffff 000000000000ffff
0x00007ffee6ca4050:   0000000000000000 0000000000000000
0x00007ffee6ca4060:   0000000000000000 0000000000000000
0x00007ffee6ca4070:   00000000ff73ff94 000000000000ffff
0x00007ffee6ca4080:   000000001790e20c 000000000000ffff
0x00007ffee6ca4090:   00000000ff700000 000000000000ffff
0x00007ffee6ca40a0:   41c14745510f2cb6 0000000000000000
0x00007ffee6ca40b0:   3fbe596c82e019b0 0000000000000000
0x00007ffee6ca40c0:   4415af1d78b58c40 0000000000000000
0x00007ffee6ca40d0:   c3e0000000000000 0000000000000000 

Instructions: (pc=0x0000000109dde319)
0x0000000109dde2f9:   49 89 d6 48 89 f3 e8 9a 00 18 00 44 8b 20 e8 b0
0x0000000109dde309:   cc 10 00 84 c0 74 07 e8 b3 cc 10 00 eb 02 31 c0
0x0000000109dde319:   48 83 b8 d0 00 00 00 00 0f 84 f4 00 00 00 48 8b
0x0000000109dde329:   80 60 02 00 00 8b 48 34 83 f9 01 0f 85 d9 00 00 

Stack slot to memory mapping:
stack at sp + 0 slots: 
[error occurred during error reporting (inspecting top of stack), id 0xb, SIGSEGV (0xb) at pc=0x0000000109eeb03a]


---------------  P R O C E S S  ---------------

VM state:not at safepoint (normal execution)

VM Mutex/Monitor currently owned by a thread: None

Heap address: 0x0000000680000000, size: 6144 MB, Compressed Oops mode: Zero based, Oop shift amount: 3
Narrow klass base: 0x0000000800000000, Narrow klass shift: 3
Compressed class space size: 1073741824 Address: 0x00000008010fa000

Heap:
 garbage-first heap   total 395264K, used 14030K [0x0000000680000000, 0x0000000800000000)
  region size 1024K, 14 young (14336K), 5 survivors (5120K)
 Metaspace       used 12487K, capacity 12922K, committed 13056K, reserved 1060864K
  class space    used 1381K, capacity 1496K, committed 1536K, reserved 1048576K
Heap Regions: E=young(eden), S=young(survivor), O=old, HS=humongous(starts), HC=humongous(continues), CS=collection set, F=free, A=archive, TAMS=top-at-mark-start (previous, next)
|   0|0x0000000680000000, 0x000000068000b200, 0x0000000680100000|  4%| O|  |TAMS 0x0000000680000000, 0x0000000680000000| Untracked 
|   1|0x0000000680100000, 0x0000000680100000, 0x0000000680200000|  0%| F|  |TAMS 0x0000000680100000, 0x0000000680100000| Untracked 
|   2|0x0000000680200000, 0x0000000680200000, 0x0000000680300000|  0%| F|  |TAMS 0x0000000680200000, 0x0000000680200000| Untracked 
|   3|0x0000000680300000, 0x0000000680300000, 0x0000000680400000|  0%| F|  |TAMS 0x0000000680300000, 0x0000000680300000| Untracked 
|   4|0x0000000680400000, 0x0000000680400000, 0x0000000680500000|  0%| F|  |TAMS 0x0000000680400000, 0x0000000680400000| Untracked 
|   5|0x0000000680500000, 0x0000000680500000, 0x0000000680600000|  0%| F|  |TAMS 0x0000000680500000, 0x0000000680500000| Untracked 
|   6|0x0000000680600000, 0x0000000680600000, 0x0000000680700000|  0%| F|  |TAMS 0x0000000680600000, 0x0000000680600000| Untracked 
|   7|0x0000000680700000, 0x0000000680700000, 0x0000000680800000|  0%| F|  |TAMS 0x0000000680700000, 0x0000000680700000| Untracked 
|   8|0x0000000680800000, 0x0000000680800000, 0x0000000680900000|  0%| F|  |TAMS 0x0000000680800000, 0x0000000680800000| Untracked 
|   9|0x0000000680900000, 0x0000000680900000, 0x0000000680a00000|  0%| F|  |TAMS 0x0000000680900000, 0x0000000680900000| Untracked 
|  10|0x0000000680a00000, 0x0000000680a00000, 0x0000000680b00000|  0%| F|  |TAMS 0x0000000680a00000, 0x0000000680a00000| Untracked 
|  11|0x0000000680b00000, 0x0000000680b00000, 0x0000000680c00000|  0%| F|  |TAMS 0x0000000680b00000, 0x0000000680b00000| Untracked 
|  12|0x0000000680c00000, 0x0000000680c00000, 0x0000000680d00000|  0%| F|  |TAMS 0x0000000680c00000, 0x0000000680c00000| Untracked 
|  13|0x0000000680d00000, 0x0000000680d00000, 0x0000000680e00000|  0%| F|  |TAMS 0x0000000680d00000, 0x0000000680d00000| Untracked 
|  14|0x0000000680e00000, 0x0000000680e00000, 0x0000000680f00000|  0%| F|  |TAMS 0x0000000680e00000, 0x0000000680e00000| Untracked 
|  15|0x0000000680f00000, 0x0000000680f00000, 0x0000000681000000|  0%| F|  |TAMS 0x0000000680f00000, 0x0000000680f00000| Untracked 
|  16|0x0000000681000000, 0x0000000681000000, 0x0000000681100000|  0%| F|  |TAMS 0x0000000681000000, 0x0000000681000000| Untracked 
|  17|0x0000000681100000, 0x0000000681100000, 0x0000000681200000|  0%| F|  |TAMS 0x0000000681100000, 0x0000000681100000| Untracked 
|  18|0x0000000681200000, 0x0000000681200000, 0x0000000681300000|  0%| F|  |TAMS 0x0000000681200000, 0x0000000681200000| Untracked 
|  19|0x0000000681300000, 0x0000000681300000, 0x0000000681400000|  0%| F|  |TAMS 0x0000000681300000, 0x0000000681300000| Untracked 
|  20|0x0000000681400000, 0x0000000681400000, 0x0000000681500000|  0%| F|  |TAMS 0x0000000681400000, 0x0000000681400000| Untracked 
|  21|0x0000000681500000, 0x0000000681500000, 0x0000000681600000|  0%| F|  |TAMS 0x0000000681500000, 0x0000000681500000| Untracked 
|  22|0x0000000681600000, 0x0000000681600000, 0x0000000681700000|  0%| F|  |TAMS 0x0000000681600000, 0x0000000681600000| Untracked 
|  23|0x0000000681700000, 0x0000000681700000, 0x0000000681800000|  0%| F|  |TAMS 0x0000000681700000, 0x0000000681700000| Untracked 
|  24|0x0000000681800000, 0x0000000681800000, 0x0000000681900000|  0%| F|  |TAMS 0x0000000681800000, 0x0000000681800000| Untracked 
|  25|0x0000000681900000, 0x0000000681900000, 0x0000000681a00000|  0%| F|  |TAMS 0x0000000681900000, 0x0000000681900000| Untracked 
|  26|0x0000000681a00000, 0x0000000681a00000, 0x0000000681b00000|  0%| F|  |TAMS 0x0000000681a00000, 0x0000000681a00000| Untracked 
|  27|0x0000000681b00000, 0x0000000681b00000, 0x0000000681c00000|  0%| F|  |TAMS 0x0000000681b00000, 0x0000000681b00000| Untracked 
|  28|0x0000000681c00000, 0x0000000681c00000, 0x0000000681d00000|  0%| F|  |TAMS 0x0000000681c00000, 0x0000000681c00000| Untracked 
|  29|0x0000000681d00000, 0x0000000681d00000, 0x0000000681e00000|  0%| F|  |TAMS 0x0000000681d00000, 0x0000000681d00000| Untracked 
|  30|0x0000000681e00000, 0x0000000681e00000, 0x0000000681f00000|  0%| F|  |TAMS 0x0000000681e00000, 0x0000000681e00000| Untracked 
|  31|0x0000000681f00000, 0x0000000681f00000, 0x0000000682000000|  0%| F|  |TAMS 0x0000000681f00000, 0x0000000681f00000| Untracked 
|  32|0x0000000682000000, 0x0000000682000000, 0x0000000682100000|  0%| F|  |TAMS 0x0000000682000000, 0x0000000682000000| Untracked 
|  33|0x0000000682100000, 0x0000000682100000, 0x0000000682200000|  0%| F|  |TAMS 0x0000000682100000, 0x0000000682100000| Untracked 
|  34|0x0000000682200000, 0x0000000682200000, 0x0000000682300000|  0%| F|  |TAMS 0x0000000682200000, 0x0000000682200000| Untracked 
|  35|0x0000000682300000, 0x0000000682300000, 0x0000000682400000|  0%| F|  |TAMS 0x0000000682300000, 0x0000000682300000| Untracked 
|  36|0x0000000682400000, 0x0000000682400000, 0x0000000682500000|  0%| F|  |TAMS 0x0000000682400000, 0x0000000682400000| Untracked 
|  37|0x0000000682500000, 0x0000000682500000, 0x0000000682600000|  0%| F|  |TAMS 0x0000000682500000, 0x0000000682500000| Untracked 
|  38|0x0000000682600000, 0x0000000682600000, 0x0000000682700000|  0%| F|  |TAMS 0x0000000682600000, 0x0000000682600000| Untracked 
|  39|0x0000000682700000, 0x0000000682700000, 0x0000000682800000|  0%| F|  |TAMS 0x0000000682700000, 0x0000000682700000| Untracked 
|  40|0x0000000682800000, 0x0000000682800000, 0x0000000682900000|  0%| F|  |TAMS 0x0000000682800000, 0x0000000682800000| Untracked 
|  41|0x0000000682900000, 0x0000000682900000, 0x0000000682a00000|  0%| F|  |TAMS 0x0000000682900000, 0x0000000682900000| Untracked 
|  42|0x0000000682a00000, 0x0000000682a00000, 0x0000000682b00000|  0%| F|  |TAMS 0x0000000682a00000, 0x0000000682a00000| Untracked 
|  43|0x0000000682b00000, 0x0000000682b00000, 0x0000000682c00000|  0%| F|  |TAMS 0x0000000682b00000, 0x0000000682b00000| Untracked 
|  44|0x0000000682c00000, 0x0000000682c00000, 0x0000000682d00000|  0%| F|  |TAMS 0x0000000682c00000, 0x0000000682c00000| Untracked 
|  45|0x0000000682d00000, 0x0000000682d00000, 0x0000000682e00000|  0%| F|  |TAMS 0x0000000682d00000, 0x0000000682d00000| Untracked 
|  46|0x0000000682e00000, 0x0000000682e00000, 0x0000000682f00000|  0%| F|  |TAMS 0x0000000682e00000, 0x0000000682e00000| Untracked 
|  47|0x0000000682f00000, 0x0000000682f00000, 0x0000000683000000|  0%| F|  |TAMS 0x0000000682f00000, 0x0000000682f00000| Untracked 
|  48|0x0000000683000000, 0x0000000683000000, 0x0000000683100000|  0%| F|  |TAMS 0x0000000683000000, 0x0000000683000000| Untracked 
|  49|0x0000000683100000, 0x0000000683100000, 0x0000000683200000|  0%| F|  |TAMS 0x0000000683100000, 0x0000000683100000| Untracked 
|  50|0x0000000683200000, 0x0000000683200000, 0x0000000683300000|  0%| F|  |TAMS 0x0000000683200000, 0x0000000683200000| Untracked 
|  51|0x0000000683300000, 0x0000000683300000, 0x0000000683400000|  0%| F|  |TAMS 0x0000000683300000, 0x0000000683300000| Untracked 
|  52|0x0000000683400000, 0x0000000683400000, 0x0000000683500000|  0%| F|  |TAMS 0x0000000683400000, 0x0000000683400000| Untracked 
|  53|0x0000000683500000, 0x0000000683500000, 0x0000000683600000|  0%| F|  |TAMS 0x0000000683500000, 0x0000000683500000| Untracked 
|  54|0x0000000683600000, 0x0000000683600000, 0x0000000683700000|  0%| F|  |TAMS 0x0000000683600000, 0x0000000683600000| Untracked 
|  55|0x0000000683700000, 0x0000000683700000, 0x0000000683800000|  0%| F|  |TAMS 0x0000000683700000, 0x0000000683700000| Untracked 
|  56|0x0000000683800000, 0x0000000683800000, 0x0000000683900000|  0%| F|  |TAMS 0x0000000683800000, 0x0000000683800000| Untracked 
|  57|0x0000000683900000, 0x0000000683900000, 0x0000000683a00000|  0%| F|  |TAMS 0x0000000683900000, 0x0000000683900000| Untracked 
|  58|0x0000000683a00000, 0x0000000683a00000, 0x0000000683b00000|  0%| F|  |TAMS 0x0000000683a00000, 0x0000000683a00000| Untracked 
|  59|0x0000000683b00000, 0x0000000683b00000, 0x0000000683c00000|  0%| F|  |TAMS 0x0000000683b00000, 0x0000000683b00000| Untracked 
|  60|0x0000000683c00000, 0x0000000683c00000, 0x0000000683d00000|  0%| F|  |TAMS 0x0000000683c00000, 0x0000000683c00000| Untracked 
|  61|0x0000000683d00000, 0x0000000683d00000, 0x0000000683e00000|  0%| F|  |TAMS 0x0000000683d00000, 0x0000000683d00000| Untracked 
|  62|0x0000000683e00000, 0x0000000683e00000, 0x0000000683f00000|  0%| F|  |TAMS 0x0000000683e00000, 0x0000000683e00000| Untracked 
|  63|0x0000000683f00000, 0x0000000683f00000, 0x0000000684000000|  0%| F|  |TAMS 0x0000000683f00000, 0x0000000683f00000| Untracked 
|  64|0x0000000684000000, 0x0000000684000000, 0x0000000684100000|  0%| F|  |TAMS 0x0000000684000000, 0x0000000684000000| Untracked 
|  65|0x0000000684100000, 0x0000000684100000, 0x0000000684200000|  0%| F|  |TAMS 0x0000000684100000, 0x0000000684100000| Untracked 
|  66|0x0000000684200000, 0x0000000684200000, 0x0000000684300000|  0%| F|  |TAMS 0x0000000684200000, 0x0000000684200000| Untracked 
|  67|0x0000000684300000, 0x0000000684300000, 0x0000000684400000|  0%| F|  |TAMS 0x0000000684300000, 0x0000000684300000| Untracked 
|  68|0x0000000684400000, 0x0000000684400000, 0x0000000684500000|  0%| F|  |TAMS 0x0000000684400000, 0x0000000684400000| Untracked 
|  69|0x0000000684500000, 0x0000000684500000, 0x0000000684600000|  0%| F|  |TAMS 0x0000000684500000, 0x0000000684500000| Untracked 
|  70|0x0000000684600000, 0x0000000684600000, 0x0000000684700000|  0%| F|  |TAMS 0x0000000684600000, 0x0000000684600000| Untracked 
|  71|0x0000000684700000, 0x0000000684700000, 0x0000000684800000|  0%| F|  |TAMS 0x0000000684700000, 0x0000000684700000| Untracked 
|  72|0x0000000684800000, 0x0000000684800000, 0x0000000684900000|  0%| F|  |TAMS 0x0000000684800000, 0x0000000684800000| Untracked 
|  73|0x0000000684900000, 0x0000000684900000, 0x0000000684a00000|  0%| F|  |TAMS 0x0000000684900000, 0x0000000684900000| Untracked 
|  74|0x0000000684a00000, 0x0000000684a00000, 0x0000000684b00000|  0%| F|  |TAMS 0x0000000684a00000, 0x0000000684a00000| Untracked 
|  75|0x0000000684b00000, 0x0000000684b00000, 0x0000000684c00000|  0%| F|  |TAMS 0x0000000684b00000, 0x0000000684b00000| Untracked 
|  76|0x0000000684c00000, 0x0000000684c00000, 0x0000000684d00000|  0%| F|  |TAMS 0x0000000684c00000, 0x0000000684c00000| Untracked 
|  77|0x0000000684d00000, 0x0000000684d00000, 0x0000000684e00000|  0%| F|  |TAMS 0x0000000684d00000, 0x0000000684d00000| Untracked 
|  78|0x0000000684e00000, 0x0000000684e00000, 0x0000000684f00000|  0%| F|  |TAMS 0x0000000684e00000, 0x0000000684e00000| Untracked 
|  79|0x0000000684f00000, 0x0000000684f00000, 0x0000000685000000|  0%| F|  |TAMS 0x0000000684f00000, 0x0000000684f00000| Untracked 
|  80|0x0000000685000000, 0x0000000685000000, 0x0000000685100000|  0%| F|  |TAMS 0x0000000685000000, 0x0000000685000000| Untracked 
|  81|0x0000000685100000, 0x0000000685100000, 0x0000000685200000|  0%| F|  |TAMS 0x0000000685100000, 0x0000000685100000| Untracked 
|  82|0x0000000685200000, 0x0000000685200000, 0x0000000685300000|  0%| F|  |TAMS 0x0000000685200000, 0x0000000685200000| Untracked 
|  83|0x0000000685300000, 0x0000000685300000, 0x0000000685400000|  0%| F|  |TAMS 0x0000000685300000, 0x0000000685300000| Untracked 
|  84|0x0000000685400000, 0x0000000685400000, 0x0000000685500000|  0%| F|  |TAMS 0x0000000685400000, 0x0000000685400000| Untracked 
|  85|0x0000000685500000, 0x0000000685500000, 0x0000000685600000|  0%| F|  |TAMS 0x0000000685500000, 0x0000000685500000| Untracked 
|  86|0x0000000685600000, 0x0000000685600000, 0x0000000685700000|  0%| F|  |TAMS 0x0000000685600000, 0x0000000685600000| Untracked 
|  87|0x0000000685700000, 0x0000000685700000, 0x0000000685800000|  0%| F|  |TAMS 0x0000000685700000, 0x0000000685700000| Untracked 
|  88|0x0000000685800000, 0x0000000685800000, 0x0000000685900000|  0%| F|  |TAMS 0x0000000685800000, 0x0000000685800000| Untracked 
|  89|0x0000000685900000, 0x0000000685900000, 0x0000000685a00000|  0%| F|  |TAMS 0x0000000685900000, 0x0000000685900000| Untracked 
|  90|0x0000000685a00000, 0x0000000685a00000, 0x0000000685b00000|  0%| F|  |TAMS 0x0000000685a00000, 0x0000000685a00000| Untracked 
|  91|0x0000000685b00000, 0x0000000685b00000, 0x0000000685c00000|  0%| F|  |TAMS 0x0000000685b00000, 0x0000000685b00000| Untracked 
|  92|0x0000000685c00000, 0x0000000685c00000, 0x0000000685d00000|  0%| F|  |TAMS 0x0000000685c00000, 0x0000000685c00000| Untracked 
|  93|0x0000000685d00000, 0x0000000685d00000, 0x0000000685e00000|  0%| F|  |TAMS 0x0000000685d00000, 0x0000000685d00000| Untracked 
|  94|0x0000000685e00000, 0x0000000685e00000, 0x0000000685f00000|  0%| F|  |TAMS 0x0000000685e00000, 0x0000000685e00000| Untracked 
|  95|0x0000000685f00000, 0x0000000685f00000, 0x0000000686000000|  0%| F|  |TAMS 0x0000000685f00000, 0x0000000685f00000| Untracked 
|  96|0x0000000686000000, 0x0000000686000000, 0x0000000686100000|  0%| F|  |TAMS 0x0000000686000000, 0x0000000686000000| Untracked 
|  97|0x0000000686100000, 0x0000000686100000, 0x0000000686200000|  0%| F|  |TAMS 0x0000000686100000, 0x0000000686100000| Untracked 
|  98|0x0000000686200000, 0x0000000686200000, 0x0000000686300000|  0%| F|  |TAMS 0x0000000686200000, 0x0000000686200000| Untracked 
|  99|0x0000000686300000, 0x0000000686300000, 0x0000000686400000|  0%| F|  |TAMS 0x0000000686300000, 0x0000000686300000| Untracked 
| 100|0x0000000686400000, 0x0000000686400000, 0x0000000686500000|  0%| F|  |TAMS 0x0000000686400000, 0x0000000686400000| Untracked 
| 101|0x0000000686500000, 0x0000000686500000, 0x0000000686600000|  0%| F|  |TAMS 0x0000000686500000, 0x0000000686500000| Untracked 
| 102|0x0000000686600000, 0x0000000686600000, 0x0000000686700000|  0%| F|  |TAMS 0x0000000686600000, 0x0000000686600000| Untracked 
| 103|0x0000000686700000, 0x0000000686700000, 0x0000000686800000|  0%| F|  |TAMS 0x0000000686700000, 0x0000000686700000| Untracked 
| 104|0x0000000686800000, 0x0000000686800000, 0x0000000686900000|  0%| F|  |TAMS 0x0000000686800000, 0x0000000686800000| Untracked 
| 105|0x0000000686900000, 0x0000000686900000, 0x0000000686a00000|  0%| F|  |TAMS 0x0000000686900000, 0x0000000686900000| Untracked 
| 106|0x0000000686a00000, 0x0000000686a00000, 0x0000000686b00000|  0%| F|  |TAMS 0x0000000686a00000, 0x0000000686a00000| Untracked 
| 107|0x0000000686b00000, 0x0000000686b00000, 0x0000000686c00000|  0%| F|  |TAMS 0x0000000686b00000, 0x0000000686b00000| Untracked 
| 108|0x0000000686c00000, 0x0000000686c00000, 0x0000000686d00000|  0%| F|  |TAMS 0x0000000686c00000, 0x0000000686c00000| Untracked 
| 109|0x0000000686d00000, 0x0000000686d00000, 0x0000000686e00000|  0%| F|  |TAMS 0x0000000686d00000, 0x0000000686d00000| Untracked 
| 110|0x0000000686e00000, 0x0000000686e00000, 0x0000000686f00000|  0%| F|  |TAMS 0x0000000686e00000, 0x0000000686e00000| Untracked 
| 111|0x0000000686f00000, 0x0000000686f00000, 0x0000000687000000|  0%| F|  |TAMS 0x0000000686f00000, 0x0000000686f00000| Untracked 
| 112|0x0000000687000000, 0x0000000687000000, 0x0000000687100000|  0%| F|  |TAMS 0x0000000687000000, 0x0000000687000000| Untracked 
| 113|0x0000000687100000, 0x0000000687100000, 0x0000000687200000|  0%| F|  |TAMS 0x0000000687100000, 0x0000000687100000| Untracked 
| 114|0x0000000687200000, 0x0000000687200000, 0x0000000687300000|  0%| F|  |TAMS 0x0000000687200000, 0x0000000687200000| Untracked 
| 115|0x0000000687300000, 0x0000000687300000, 0x0000000687400000|  0%| F|  |TAMS 0x0000000687300000, 0x0000000687300000| Untracked 
| 116|0x0000000687400000, 0x0000000687400000, 0x0000000687500000|  0%| F|  |TAMS 0x0000000687400000, 0x0000000687400000| Untracked 
| 117|0x0000000687500000, 0x0000000687500000, 0x0000000687600000|  0%| F|  |TAMS 0x0000000687500000, 0x0000000687500000| Untracked 
| 118|0x0000000687600000, 0x0000000687600000, 0x0000000687700000|  0%| F|  |TAMS 0x0000000687600000, 0x0000000687600000| Untracked 
| 119|0x0000000687700000, 0x0000000687700000, 0x0000000687800000|  0%| F|  |TAMS 0x0000000687700000, 0x0000000687700000| Untracked 
| 120|0x0000000687800000, 0x0000000687800000, 0x0000000687900000|  0%| F|  |TAMS 0x0000000687800000, 0x0000000687800000| Untracked 
| 121|0x0000000687900000, 0x0000000687900000, 0x0000000687a00000|  0%| F|  |TAMS 0x0000000687900000, 0x0000000687900000| Untracked 
| 122|0x0000000687a00000, 0x0000000687a00000, 0x0000000687b00000|  0%| F|  |TAMS 0x0000000687a00000, 0x0000000687a00000| Untracked 
| 123|0x0000000687b00000, 0x0000000687b00000, 0x0000000687c00000|  0%| F|  |TAMS 0x0000000687b00000, 0x0000000687b00000| Untracked 
| 124|0x0000000687c00000, 0x0000000687c00000, 0x0000000687d00000|  0%| F|  |TAMS 0x0000000687c00000, 0x0000000687c00000| Untracked 
| 125|0x0000000687d00000, 0x0000000687d00000, 0x0000000687e00000|  0%| F|  |TAMS 0x0000000687d00000, 0x0000000687d00000| Untracked 
| 126|0x0000000687e00000, 0x0000000687e00000, 0x0000000687f00000|  0%| F|  |TAMS 0x0000000687e00000, 0x0000000687e00000| Untracked 
| 127|0x0000000687f00000, 0x0000000687f00000, 0x0000000688000000|  0%| F|  |TAMS 0x0000000687f00000, 0x0000000687f00000| Untracked 
| 128|0x0000000688000000, 0x0000000688000000, 0x0000000688100000|  0%| F|  |TAMS 0x0000000688000000, 0x0000000688000000| Untracked 
| 129|0x0000000688100000, 0x0000000688100000, 0x0000000688200000|  0%| F|  |TAMS 0x0000000688100000, 0x0000000688100000| Untracked 
| 130|0x0000000688200000, 0x0000000688200000, 0x0000000688300000|  0%| F|  |TAMS 0x0000000688200000, 0x0000000688200000| Untracked 
| 131|0x0000000688300000, 0x0000000688300000, 0x0000000688400000|  0%| F|  |TAMS 0x0000000688300000, 0x0000000688300000| Untracked 
| 132|0x0000000688400000, 0x0000000688400000, 0x0000000688500000|  0%| F|  |TAMS 0x0000000688400000, 0x0000000688400000| Untracked 
| 133|0x0000000688500000, 0x0000000688500000, 0x0000000688600000|  0%| F|  |TAMS 0x0000000688500000, 0x0000000688500000| Untracked 
| 134|0x0000000688600000, 0x0000000688600000, 0x0000000688700000|  0%| F|  |TAMS 0x0000000688600000, 0x0000000688600000| Untracked 
| 135|0x0000000688700000, 0x0000000688700000, 0x0000000688800000|  0%| F|  |TAMS 0x0000000688700000, 0x0000000688700000| Untracked 
| 136|0x0000000688800000, 0x0000000688800000, 0x0000000688900000|  0%| F|  |TAMS 0x0000000688800000, 0x0000000688800000| Untracked 
| 137|0x0000000688900000, 0x0000000688900000, 0x0000000688a00000|  0%| F|  |TAMS 0x0000000688900000, 0x0000000688900000| Untracked 
| 138|0x0000000688a00000, 0x0000000688a00000, 0x0000000688b00000|  0%| F|  |TAMS 0x0000000688a00000, 0x0000000688a00000| Untracked 
| 139|0x0000000688b00000, 0x0000000688b00000, 0x0000000688c00000|  0%| F|  |TAMS 0x0000000688b00000, 0x0000000688b00000| Untracked 
| 140|0x0000000688c00000, 0x0000000688c00000, 0x0000000688d00000|  0%| F|  |TAMS 0x0000000688c00000, 0x0000000688c00000| Untracked 
| 141|0x0000000688d00000, 0x0000000688d00000, 0x0000000688e00000|  0%| F|  |TAMS 0x0000000688d00000, 0x0000000688d00000| Untracked 
| 142|0x0000000688e00000, 0x0000000688e00000, 0x0000000688f00000|  0%| F|  |TAMS 0x0000000688e00000, 0x0000000688e00000| Untracked 
| 143|0x0000000688f00000, 0x0000000688f00000, 0x0000000689000000|  0%| F|  |TAMS 0x0000000688f00000, 0x0000000688f00000| Untracked 
| 144|0x0000000689000000, 0x0000000689000000, 0x0000000689100000|  0%| F|  |TAMS 0x0000000689000000, 0x0000000689000000| Untracked 
| 145|0x0000000689100000, 0x0000000689100000, 0x0000000689200000|  0%| F|  |TAMS 0x0000000689100000, 0x0000000689100000| Untracked 
| 146|0x0000000689200000, 0x0000000689200000, 0x0000000689300000|  0%| F|  |TAMS 0x0000000689200000, 0x0000000689200000| Untracked 
| 147|0x0000000689300000, 0x0000000689300000, 0x0000000689400000|  0%| F|  |TAMS 0x0000000689300000, 0x0000000689300000| Untracked 
| 148|0x0000000689400000, 0x0000000689400000, 0x0000000689500000|  0%| F|  |TAMS 0x0000000689400000, 0x0000000689400000| Untracked 
| 149|0x0000000689500000, 0x0000000689500000, 0x0000000689600000|  0%| F|  |TAMS 0x0000000689500000, 0x0000000689500000| Untracked 
| 150|0x0000000689600000, 0x0000000689600000, 0x0000000689700000|  0%| F|  |TAMS 0x0000000689600000, 0x0000000689600000| Untracked 
| 151|0x0000000689700000, 0x0000000689700000, 0x0000000689800000|  0%| F|  |TAMS 0x0000000689700000, 0x0000000689700000| Untracked 
| 152|0x0000000689800000, 0x0000000689800000, 0x0000000689900000|  0%| F|  |TAMS 0x0000000689800000, 0x0000000689800000| Untracked 
| 153|0x0000000689900000, 0x0000000689900000, 0x0000000689a00000|  0%| F|  |TAMS 0x0000000689900000, 0x0000000689900000| Untracked 
| 154|0x0000000689a00000, 0x0000000689a00000, 0x0000000689b00000|  0%| F|  |TAMS 0x0000000689a00000, 0x0000000689a00000| Untracked 
| 155|0x0000000689b00000, 0x0000000689b00000, 0x0000000689c00000|  0%| F|  |TAMS 0x0000000689b00000, 0x0000000689b00000| Untracked 
| 156|0x0000000689c00000, 0x0000000689c00000, 0x0000000689d00000|  0%| F|  |TAMS 0x0000000689c00000, 0x0000000689c00000| Untracked 
| 157|0x0000000689d00000, 0x0000000689d00000, 0x0000000689e00000|  0%| F|  |TAMS 0x0000000689d00000, 0x0000000689d00000| Untracked 
| 158|0x0000000689e00000, 0x0000000689e00000, 0x0000000689f00000|  0%| F|  |TAMS 0x0000000689e00000, 0x0000000689e00000| Untracked 
| 159|0x0000000689f00000, 0x0000000689f00000, 0x000000068a000000|  0%| F|  |TAMS 0x0000000689f00000, 0x0000000689f00000| Untracked 
| 160|0x000000068a000000, 0x000000068a000000, 0x000000068a100000|  0%| F|  |TAMS 0x000000068a000000, 0x000000068a000000| Untracked 
| 161|0x000000068a100000, 0x000000068a100000, 0x000000068a200000|  0%| F|  |TAMS 0x000000068a100000, 0x000000068a100000| Untracked 
| 162|0x000000068a200000, 0x000000068a200000, 0x000000068a300000|  0%| F|  |TAMS 0x000000068a200000, 0x000000068a200000| Untracked 
| 163|0x000000068a300000, 0x000000068a300000, 0x000000068a400000|  0%| F|  |TAMS 0x000000068a300000, 0x000000068a300000| Untracked 
| 164|0x000000068a400000, 0x000000068a400000, 0x000000068a500000|  0%| F|  |TAMS 0x000000068a400000, 0x000000068a400000| Untracked 
| 165|0x000000068a500000, 0x000000068a500000, 0x000000068a600000|  0%| F|  |TAMS 0x000000068a500000, 0x000000068a500000| Untracked 
| 166|0x000000068a600000, 0x000000068a600000, 0x000000068a700000|  0%| F|  |TAMS 0x000000068a600000, 0x000000068a600000| Untracked 
| 167|0x000000068a700000, 0x000000068a700000, 0x000000068a800000|  0%| F|  |TAMS 0x000000068a700000, 0x000000068a700000| Untracked 
| 168|0x000000068a800000, 0x000000068a800000, 0x000000068a900000|  0%| F|  |TAMS 0x000000068a800000, 0x000000068a800000| Untracked 
| 169|0x000000068a900000, 0x000000068a900000, 0x000000068aa00000|  0%| F|  |TAMS 0x000000068a900000, 0x000000068a900000| Untracked 
| 170|0x000000068aa00000, 0x000000068aa00000, 0x000000068ab00000|  0%| F|  |TAMS 0x000000068aa00000, 0x000000068aa00000| Untracked 
| 171|0x000000068ab00000, 0x000000068ab00000, 0x000000068ac00000|  0%| F|  |TAMS 0x000000068ab00000, 0x000000068ab00000| Untracked 
| 172|0x000000068ac00000, 0x000000068ac00000, 0x000000068ad00000|  0%| F|  |TAMS 0x000000068ac00000, 0x000000068ac00000| Untracked 
| 173|0x000000068ad00000, 0x000000068ad00000, 0x000000068ae00000|  0%| F|  |TAMS 0x000000068ad00000, 0x000000068ad00000| Untracked 
| 174|0x000000068ae00000, 0x000000068ae00000, 0x000000068af00000|  0%| F|  |TAMS 0x000000068ae00000, 0x000000068ae00000| Untracked 
| 175|0x000000068af00000, 0x000000068af00000, 0x000000068b000000|  0%| F|  |TAMS 0x000000068af00000, 0x000000068af00000| Untracked 
| 176|0x000000068b000000, 0x000000068b000000, 0x000000068b100000|  0%| F|  |TAMS 0x000000068b000000, 0x000000068b000000| Untracked 
| 177|0x000000068b100000, 0x000000068b100000, 0x000000068b200000|  0%| F|  |TAMS 0x000000068b100000, 0x000000068b100000| Untracked 
| 178|0x000000068b200000, 0x000000068b200000, 0x000000068b300000|  0%| F|  |TAMS 0x000000068b200000, 0x000000068b200000| Untracked 
| 179|0x000000068b300000, 0x000000068b300000, 0x000000068b400000|  0%| F|  |TAMS 0x000000068b300000, 0x000000068b300000| Untracked 
| 180|0x000000068b400000, 0x000000068b400000, 0x000000068b500000|  0%| F|  |TAMS 0x000000068b400000, 0x000000068b400000| Untracked 
| 181|0x000000068b500000, 0x000000068b500000, 0x000000068b600000|  0%| F|  |TAMS 0x000000068b500000, 0x000000068b500000| Untracked 
| 182|0x000000068b600000, 0x000000068b600000, 0x000000068b700000|  0%| F|  |TAMS 0x000000068b600000, 0x000000068b600000| Untracked 
| 183|0x000000068b700000, 0x000000068b700000, 0x000000068b800000|  0%| F|  |TAMS 0x000000068b700000, 0x000000068b700000| Untracked 
| 184|0x000000068b800000, 0x000000068b800000, 0x000000068b900000|  0%| F|  |TAMS 0x000000068b800000, 0x000000068b800000| Untracked 
| 185|0x000000068b900000, 0x000000068b900000, 0x000000068ba00000|  0%| F|  |TAMS 0x000000068b900000, 0x000000068b900000| Untracked 
| 186|0x000000068ba00000, 0x000000068ba00000, 0x000000068bb00000|  0%| F|  |TAMS 0x000000068ba00000, 0x000000068ba00000| Untracked 
| 187|0x000000068bb00000, 0x000000068bb00000, 0x000000068bc00000|  0%| F|  |TAMS 0x000000068bb00000, 0x000000068bb00000| Untracked 
| 188|0x000000068bc00000, 0x000000068bc00000, 0x000000068bd00000|  0%| F|  |TAMS 0x000000068bc00000, 0x000000068bc00000| Untracked 
| 189|0x000000068bd00000, 0x000000068bd00000, 0x000000068be00000|  0%| F|  |TAMS 0x000000068bd00000, 0x000000068bd00000| Untracked 
| 190|0x000000068be00000, 0x000000068be00000, 0x000000068bf00000|  0%| F|  |TAMS 0x000000068be00000, 0x000000068be00000| Untracked 
| 191|0x000000068bf00000, 0x000000068bf00000, 0x000000068c000000|  0%| F|  |TAMS 0x000000068bf00000, 0x000000068bf00000| Untracked 
| 192|0x000000068c000000, 0x000000068c000000, 0x000000068c100000|  0%| F|  |TAMS 0x000000068c000000, 0x000000068c000000| Untracked 
| 193|0x000000068c100000, 0x000000068c100000, 0x000000068c200000|  0%| F|  |TAMS 0x000000068c100000, 0x000000068c100000| Untracked 
| 194|0x000000068c200000, 0x000000068c200000, 0x000000068c300000|  0%| F|  |TAMS 0x000000068c200000, 0x000000068c200000| Untracked 
| 195|0x000000068c300000, 0x000000068c300000, 0x000000068c400000|  0%| F|  |TAMS 0x000000068c300000, 0x000000068c300000| Untracked 
| 196|0x000000068c400000, 0x000000068c400000, 0x000000068c500000|  0%| F|  |TAMS 0x000000068c400000, 0x000000068c400000| Untracked 
| 197|0x000000068c500000, 0x000000068c500000, 0x000000068c600000|  0%| F|  |TAMS 0x000000068c500000, 0x000000068c500000| Untracked 
| 198|0x000000068c600000, 0x000000068c600000, 0x000000068c700000|  0%| F|  |TAMS 0x000000068c600000, 0x000000068c600000| Untracked 
| 199|0x000000068c700000, 0x000000068c700000, 0x000000068c800000|  0%| F|  |TAMS 0x000000068c700000, 0x000000068c700000| Untracked 
| 200|0x000000068c800000, 0x000000068c800000, 0x000000068c900000|  0%| F|  |TAMS 0x000000068c800000, 0x000000068c800000| Untracked 
| 201|0x000000068c900000, 0x000000068c900000, 0x000000068ca00000|  0%| F|  |TAMS 0x000000068c900000, 0x000000068c900000| Untracked 
| 202|0x000000068ca00000, 0x000000068ca00000, 0x000000068cb00000|  0%| F|  |TAMS 0x000000068ca00000, 0x000000068ca00000| Untracked 
| 203|0x000000068cb00000, 0x000000068cb00000, 0x000000068cc00000|  0%| F|  |TAMS 0x000000068cb00000, 0x000000068cb00000| Untracked 
| 204|0x000000068cc00000, 0x000000068cc00000, 0x000000068cd00000|  0%| F|  |TAMS 0x000000068cc00000, 0x000000068cc00000| Untracked 
| 205|0x000000068cd00000, 0x000000068cd00000, 0x000000068ce00000|  0%| F|  |TAMS 0x000000068cd00000, 0x000000068cd00000| Untracked 
| 206|0x000000068ce00000, 0x000000068ce00000, 0x000000068cf00000|  0%| F|  |TAMS 0x000000068ce00000, 0x000000068ce00000| Untracked 
| 207|0x000000068cf00000, 0x000000068cf00000, 0x000000068d000000|  0%| F|  |TAMS 0x000000068cf00000, 0x000000068cf00000| Untracked 
| 208|0x000000068d000000, 0x000000068d000000, 0x000000068d100000|  0%| F|  |TAMS 0x000000068d000000, 0x000000068d000000| Untracked 
| 209|0x000000068d100000, 0x000000068d100000, 0x000000068d200000|  0%| F|  |TAMS 0x000000068d100000, 0x000000068d100000| Untracked 
| 210|0x000000068d200000, 0x000000068d200000, 0x000000068d300000|  0%| F|  |TAMS 0x000000068d200000, 0x000000068d200000| Untracked 
| 211|0x000000068d300000, 0x000000068d300000, 0x000000068d400000|  0%| F|  |TAMS 0x000000068d300000, 0x000000068d300000| Untracked 
| 212|0x000000068d400000, 0x000000068d400000, 0x000000068d500000|  0%| F|  |TAMS 0x000000068d400000, 0x000000068d400000| Untracked 
| 213|0x000000068d500000, 0x000000068d500000, 0x000000068d600000|  0%| F|  |TAMS 0x000000068d500000, 0x000000068d500000| Untracked 
| 214|0x000000068d600000, 0x000000068d600000, 0x000000068d700000|  0%| F|  |TAMS 0x000000068d600000, 0x000000068d600000| Untracked 
| 215|0x000000068d700000, 0x000000068d700000, 0x000000068d800000|  0%| F|  |TAMS 0x000000068d700000, 0x000000068d700000| Untracked 
| 216|0x000000068d800000, 0x000000068d800000, 0x000000068d900000|  0%| F|  |TAMS 0x000000068d800000, 0x000000068d800000| Untracked 
| 217|0x000000068d900000, 0x000000068d900000, 0x000000068da00000|  0%| F|  |TAMS 0x000000068d900000, 0x000000068d900000| Untracked 
| 218|0x000000068da00000, 0x000000068da00000, 0x000000068db00000|  0%| F|  |TAMS 0x000000068da00000, 0x000000068da00000| Untracked 
| 219|0x000000068db00000, 0x000000068db00000, 0x000000068dc00000|  0%| F|  |TAMS 0x000000068db00000, 0x000000068db00000| Untracked 
| 220|0x000000068dc00000, 0x000000068dc00000, 0x000000068dd00000|  0%| F|  |TAMS 0x000000068dc00000, 0x000000068dc00000| Untracked 
| 221|0x000000068dd00000, 0x000000068dd00000, 0x000000068de00000|  0%| F|  |TAMS 0x000000068dd00000, 0x000000068dd00000| Untracked 
| 222|0x000000068de00000, 0x000000068de00000, 0x000000068df00000|  0%| F|  |TAMS 0x000000068de00000, 0x000000068de00000| Untracked 
| 223|0x000000068df00000, 0x000000068df00000, 0x000000068e000000|  0%| F|  |TAMS 0x000000068df00000, 0x000000068df00000| Untracked 
| 224|0x000000068e000000, 0x000000068e000000, 0x000000068e100000|  0%| F|  |TAMS 0x000000068e000000, 0x000000068e000000| Untracked 
| 225|0x000000068e100000, 0x000000068e100000, 0x000000068e200000|  0%| F|  |TAMS 0x000000068e100000, 0x000000068e100000| Untracked 
| 226|0x000000068e200000, 0x000000068e200000, 0x000000068e300000|  0%| F|  |TAMS 0x000000068e200000, 0x000000068e200000| Untracked 
| 227|0x000000068e300000, 0x000000068e300000, 0x000000068e400000|  0%| F|  |TAMS 0x000000068e300000, 0x000000068e300000| Untracked 
| 228|0x000000068e400000, 0x000000068e400000, 0x000000068e500000|  0%| F|  |TAMS 0x000000068e400000, 0x000000068e400000| Untracked 
| 229|0x000000068e500000, 0x000000068e500000, 0x000000068e600000|  0%| F|  |TAMS 0x000000068e500000, 0x000000068e500000| Untracked 
| 230|0x000000068e600000, 0x000000068e600000, 0x000000068e700000|  0%| F|  |TAMS 0x000000068e600000, 0x000000068e600000| Untracked 
| 231|0x000000068e700000, 0x000000068e700000, 0x000000068e800000|  0%| F|  |TAMS 0x000000068e700000, 0x000000068e700000| Untracked 
| 232|0x000000068e800000, 0x000000068e800000, 0x000000068e900000|  0%| F|  |TAMS 0x000000068e800000, 0x000000068e800000| Untracked 
| 233|0x000000068e900000, 0x000000068e900000, 0x000000068ea00000|  0%| F|  |TAMS 0x000000068e900000, 0x000000068e900000| Untracked 
| 234|0x000000068ea00000, 0x000000068ea00000, 0x000000068eb00000|  0%| F|  |TAMS 0x000000068ea00000, 0x000000068ea00000| Untracked 
| 235|0x000000068eb00000, 0x000000068eb00000, 0x000000068ec00000|  0%| F|  |TAMS 0x000000068eb00000, 0x000000068eb00000| Untracked 
| 236|0x000000068ec00000, 0x000000068ec00000, 0x000000068ed00000|  0%| F|  |TAMS 0x000000068ec00000, 0x000000068ec00000| Untracked 
| 237|0x000000068ed00000, 0x000000068ed00000, 0x000000068ee00000|  0%| F|  |TAMS 0x000000068ed00000, 0x000000068ed00000| Untracked 
| 238|0x000000068ee00000, 0x000000068ee00000, 0x000000068ef00000|  0%| F|  |TAMS 0x000000068ee00000, 0x000000068ee00000| Untracked 
| 239|0x000000068ef00000, 0x000000068ef00000, 0x000000068f000000|  0%| F|  |TAMS 0x000000068ef00000, 0x000000068ef00000| Untracked 
| 240|0x000000068f000000, 0x000000068f000000, 0x000000068f100000|  0%| F|  |TAMS 0x000000068f000000, 0x000000068f000000| Untracked 
| 241|0x000000068f100000, 0x000000068f100000, 0x000000068f200000|  0%| F|  |TAMS 0x000000068f100000, 0x000000068f100000| Untracked 
| 242|0x000000068f200000, 0x000000068f200000, 0x000000068f300000|  0%| F|  |TAMS 0x000000068f200000, 0x000000068f200000| Untracked 
| 243|0x000000068f300000, 0x000000068f300000, 0x000000068f400000|  0%| F|  |TAMS 0x000000068f300000, 0x000000068f300000| Untracked 
| 244|0x000000068f400000, 0x000000068f400000, 0x000000068f500000|  0%| F|  |TAMS 0x000000068f400000, 0x000000068f400000| Untracked 
| 245|0x000000068f500000, 0x000000068f500000, 0x000000068f600000|  0%| F|  |TAMS 0x000000068f500000, 0x000000068f500000| Untracked 
| 246|0x000000068f600000, 0x000000068f600000, 0x000000068f700000|  0%| F|  |TAMS 0x000000068f600000, 0x000000068f600000| Untracked 
| 247|0x000000068f700000, 0x000000068f700000, 0x000000068f800000|  0%| F|  |TAMS 0x000000068f700000, 0x000000068f700000| Untracked 
| 248|0x000000068f800000, 0x000000068f800000, 0x000000068f900000|  0%| F|  |TAMS 0x000000068f800000, 0x000000068f800000| Untracked 
| 249|0x000000068f900000, 0x000000068f900000, 0x000000068fa00000|  0%| F|  |TAMS 0x000000068f900000, 0x000000068f900000| Untracked 
| 250|0x000000068fa00000, 0x000000068fa00000, 0x000000068fb00000|  0%| F|  |TAMS 0x000000068fa00000, 0x000000068fa00000| Untracked 
| 251|0x000000068fb00000, 0x000000068fb00000, 0x000000068fc00000|  0%| F|  |TAMS 0x000000068fb00000, 0x000000068fb00000| Untracked 
| 252|0x000000068fc00000, 0x000000068fc00000, 0x000000068fd00000|  0%| F|  |TAMS 0x000000068fc00000, 0x000000068fc00000| Untracked 
| 253|0x000000068fd00000, 0x000000068fd00000, 0x000000068fe00000|  0%| F|  |TAMS 0x000000068fd00000, 0x000000068fd00000| Untracked 
| 254|0x000000068fe00000, 0x000000068fe00000, 0x000000068ff00000|  0%| F|  |TAMS 0x000000068fe00000, 0x000000068fe00000| Untracked 
| 255|0x000000068ff00000, 0x000000068ff00000, 0x0000000690000000|  0%| F|  |TAMS 0x000000068ff00000, 0x000000068ff00000| Untracked 
| 256|0x0000000690000000, 0x0000000690000000, 0x0000000690100000|  0%| F|  |TAMS 0x0000000690000000, 0x0000000690000000| Untracked 
| 257|0x0000000690100000, 0x0000000690100000, 0x0000000690200000|  0%| F|  |TAMS 0x0000000690100000, 0x0000000690100000| Untracked 
| 258|0x0000000690200000, 0x0000000690200000, 0x0000000690300000|  0%| F|  |TAMS 0x0000000690200000, 0x0000000690200000| Untracked 
| 259|0x0000000690300000, 0x0000000690300000, 0x0000000690400000|  0%| F|  |TAMS 0x0000000690300000, 0x0000000690300000| Untracked 
| 260|0x0000000690400000, 0x0000000690400000, 0x0000000690500000|  0%| F|  |TAMS 0x0000000690400000, 0x0000000690400000| Untracked 
| 261|0x0000000690500000, 0x0000000690500000, 0x0000000690600000|  0%| F|  |TAMS 0x0000000690500000, 0x0000000690500000| Untracked 
| 262|0x0000000690600000, 0x0000000690600000, 0x0000000690700000|  0%| F|  |TAMS 0x0000000690600000, 0x0000000690600000| Untracked 
| 263|0x0000000690700000, 0x0000000690700000, 0x0000000690800000|  0%| F|  |TAMS 0x0000000690700000, 0x0000000690700000| Untracked 
| 264|0x0000000690800000, 0x0000000690800000, 0x0000000690900000|  0%| F|  |TAMS 0x0000000690800000, 0x0000000690800000| Untracked 
| 265|0x0000000690900000, 0x0000000690900000, 0x0000000690a00000|  0%| F|  |TAMS 0x0000000690900000, 0x0000000690900000| Untracked 
| 266|0x0000000690a00000, 0x0000000690a00000, 0x0000000690b00000|  0%| F|  |TAMS 0x0000000690a00000, 0x0000000690a00000| Untracked 
| 267|0x0000000690b00000, 0x0000000690b00000, 0x0000000690c00000|  0%| F|  |TAMS 0x0000000690b00000, 0x0000000690b00000| Untracked 
| 268|0x0000000690c00000, 0x0000000690c00000, 0x0000000690d00000|  0%| F|  |TAMS 0x0000000690c00000, 0x0000000690c00000| Untracked 
| 269|0x0000000690d00000, 0x0000000690d00000, 0x0000000690e00000|  0%| F|  |TAMS 0x0000000690d00000, 0x0000000690d00000| Untracked 
| 270|0x0000000690e00000, 0x0000000690e00000, 0x0000000690f00000|  0%| F|  |TAMS 0x0000000690e00000, 0x0000000690e00000| Untracked 
| 271|0x0000000690f00000, 0x0000000690f00000, 0x0000000691000000|  0%| F|  |TAMS 0x0000000690f00000, 0x0000000690f00000| Untracked 
| 272|0x0000000691000000, 0x0000000691000000, 0x0000000691100000|  0%| F|  |TAMS 0x0000000691000000, 0x0000000691000000| Untracked 
| 273|0x0000000691100000, 0x0000000691100000, 0x0000000691200000|  0%| F|  |TAMS 0x0000000691100000, 0x0000000691100000| Untracked 
| 274|0x0000000691200000, 0x0000000691200000, 0x0000000691300000|  0%| F|  |TAMS 0x0000000691200000, 0x0000000691200000| Untracked 
| 275|0x0000000691300000, 0x0000000691300000, 0x0000000691400000|  0%| F|  |TAMS 0x0000000691300000, 0x0000000691300000| Untracked 
| 276|0x0000000691400000, 0x0000000691400000, 0x0000000691500000|  0%| F|  |TAMS 0x0000000691400000, 0x0000000691400000| Untracked 
| 277|0x0000000691500000, 0x0000000691500000, 0x0000000691600000|  0%| F|  |TAMS 0x0000000691500000, 0x0000000691500000| Untracked 
| 278|0x0000000691600000, 0x0000000691600000, 0x0000000691700000|  0%| F|  |TAMS 0x0000000691600000, 0x0000000691600000| Untracked 
| 279|0x0000000691700000, 0x0000000691700000, 0x0000000691800000|  0%| F|  |TAMS 0x0000000691700000, 0x0000000691700000| Untracked 
| 280|0x0000000691800000, 0x0000000691800000, 0x0000000691900000|  0%| F|  |TAMS 0x0000000691800000, 0x0000000691800000| Untracked 
| 281|0x0000000691900000, 0x0000000691900000, 0x0000000691a00000|  0%| F|  |TAMS 0x0000000691900000, 0x0000000691900000| Untracked 
| 282|0x0000000691a00000, 0x0000000691a00000, 0x0000000691b00000|  0%| F|  |TAMS 0x0000000691a00000, 0x0000000691a00000| Untracked 
| 283|0x0000000691b00000, 0x0000000691b00000, 0x0000000691c00000|  0%| F|  |TAMS 0x0000000691b00000, 0x0000000691b00000| Untracked 
| 284|0x0000000691c00000, 0x0000000691c00000, 0x0000000691d00000|  0%| F|  |TAMS 0x0000000691c00000, 0x0000000691c00000| Untracked 
| 285|0x0000000691d00000, 0x0000000691d00000, 0x0000000691e00000|  0%| F|  |TAMS 0x0000000691d00000, 0x0000000691d00000| Untracked 
| 286|0x0000000691e00000, 0x0000000691e00000, 0x0000000691f00000|  0%| F|  |TAMS 0x0000000691e00000, 0x0000000691e00000| Untracked 
| 287|0x0000000691f00000, 0x0000000691f00000, 0x0000000692000000|  0%| F|  |TAMS 0x0000000691f00000, 0x0000000691f00000| Untracked 
| 288|0x0000000692000000, 0x0000000692000000, 0x0000000692100000|  0%| F|  |TAMS 0x0000000692000000, 0x0000000692000000| Untracked 
| 289|0x0000000692100000, 0x00000006921f38a0, 0x0000000692200000| 95%| S|CS|TAMS 0x0000000692100000, 0x0000000692100000| Complete 
| 290|0x0000000692200000, 0x0000000692300000, 0x0000000692300000|100%| S|CS|TAMS 0x0000000692200000, 0x0000000692200000| Complete 
| 291|0x0000000692300000, 0x0000000692400000, 0x0000000692400000|100%| S|CS|TAMS 0x0000000692300000, 0x0000000692300000| Complete 
| 292|0x0000000692400000, 0x0000000692500000, 0x0000000692500000|100%| S|CS|TAMS 0x0000000692400000, 0x0000000692400000| Complete 
| 293|0x0000000692500000, 0x0000000692600000, 0x0000000692600000|100%| S|CS|TAMS 0x0000000692500000, 0x0000000692500000| Complete 
| 294|0x0000000692600000, 0x0000000692600000, 0x0000000692700000|  0%| F|  |TAMS 0x0000000692600000, 0x0000000692600000| Untracked 
| 295|0x0000000692700000, 0x0000000692700000, 0x0000000692800000|  0%| F|  |TAMS 0x0000000692700000, 0x0000000692700000| Untracked 
| 296|0x0000000692800000, 0x0000000692800000, 0x0000000692900000|  0%| F|  |TAMS 0x0000000692800000, 0x0000000692800000| Untracked 
| 297|0x0000000692900000, 0x0000000692900000, 0x0000000692a00000|  0%| F|  |TAMS 0x0000000692900000, 0x0000000692900000| Untracked 
| 298|0x0000000692a00000, 0x0000000692a00000, 0x0000000692b00000|  0%| F|  |TAMS 0x0000000692a00000, 0x0000000692a00000| Untracked 
| 299|0x0000000692b00000, 0x0000000692b00000, 0x0000000692c00000|  0%| F|  |TAMS 0x0000000692b00000, 0x0000000692b00000| Untracked 
| 300|0x0000000692c00000, 0x0000000692c00000, 0x0000000692d00000|  0%| F|  |TAMS 0x0000000692c00000, 0x0000000692c00000| Untracked 
| 301|0x0000000692d00000, 0x0000000692d00000, 0x0000000692e00000|  0%| F|  |TAMS 0x0000000692d00000, 0x0000000692d00000| Untracked 
| 302|0x0000000692e00000, 0x0000000692e00000, 0x0000000692f00000|  0%| F|  |TAMS 0x0000000692e00000, 0x0000000692e00000| Untracked 
| 303|0x0000000692f00000, 0x0000000692f00000, 0x0000000693000000|  0%| F|  |TAMS 0x0000000692f00000, 0x0000000692f00000| Untracked 
| 304|0x0000000693000000, 0x0000000693000000, 0x0000000693100000|  0%| F|  |TAMS 0x0000000693000000, 0x0000000693000000| Untracked 
| 305|0x0000000693100000, 0x0000000693100000, 0x0000000693200000|  0%| F|  |TAMS 0x0000000693100000, 0x0000000693100000| Untracked 
| 306|0x0000000693200000, 0x0000000693200000, 0x0000000693300000|  0%| F|  |TAMS 0x0000000693200000, 0x0000000693200000| Untracked 
| 307|0x0000000693300000, 0x0000000693300000, 0x0000000693400000|  0%| F|  |TAMS 0x0000000693300000, 0x0000000693300000| Untracked 
| 308|0x0000000693400000, 0x0000000693400000, 0x0000000693500000|  0%| F|  |TAMS 0x0000000693400000, 0x0000000693400000| Untracked 
| 309|0x0000000693500000, 0x0000000693500000, 0x0000000693600000|  0%| F|  |TAMS 0x0000000693500000, 0x0000000693500000| Untracked 
| 310|0x0000000693600000, 0x0000000693600000, 0x0000000693700000|  0%| F|  |TAMS 0x0000000693600000, 0x0000000693600000| Untracked 
| 311|0x0000000693700000, 0x0000000693700000, 0x0000000693800000|  0%| F|  |TAMS 0x0000000693700000, 0x0000000693700000| Untracked 
| 312|0x0000000693800000, 0x0000000693800000, 0x0000000693900000|  0%| F|  |TAMS 0x0000000693800000, 0x0000000693800000| Untracked 
| 313|0x0000000693900000, 0x0000000693900000, 0x0000000693a00000|  0%| F|  |TAMS 0x0000000693900000, 0x0000000693900000| Untracked 
| 314|0x0000000693a00000, 0x0000000693a00000, 0x0000000693b00000|  0%| F|  |TAMS 0x0000000693a00000, 0x0000000693a00000| Untracked 
| 315|0x0000000693b00000, 0x0000000693b00000, 0x0000000693c00000|  0%| F|  |TAMS 0x0000000693b00000, 0x0000000693b00000| Untracked 
| 316|0x0000000693c00000, 0x0000000693c00000, 0x0000000693d00000|  0%| F|  |TAMS 0x0000000693c00000, 0x0000000693c00000| Untracked 
| 317|0x0000000693d00000, 0x0000000693d00000, 0x0000000693e00000|  0%| F|  |TAMS 0x0000000693d00000, 0x0000000693d00000| Untracked 
| 318|0x0000000693e00000, 0x0000000693e00000, 0x0000000693f00000|  0%| F|  |TAMS 0x0000000693e00000, 0x0000000693e00000| Untracked 
| 319|0x0000000693f00000, 0x0000000693f00000, 0x0000000694000000|  0%| F|  |TAMS 0x0000000693f00000, 0x0000000693f00000| Untracked 
| 320|0x0000000694000000, 0x0000000694000000, 0x0000000694100000|  0%| F|  |TAMS 0x0000000694000000, 0x0000000694000000| Untracked 
| 321|0x0000000694100000, 0x0000000694100000, 0x0000000694200000|  0%| F|  |TAMS 0x0000000694100000, 0x0000000694100000| Untracked 
| 322|0x0000000694200000, 0x0000000694200000, 0x0000000694300000|  0%| F|  |TAMS 0x0000000694200000, 0x0000000694200000| Untracked 
| 323|0x0000000694300000, 0x0000000694300000, 0x0000000694400000|  0%| F|  |TAMS 0x0000000694300000, 0x0000000694300000| Untracked 
| 324|0x0000000694400000, 0x0000000694400000, 0x0000000694500000|  0%| F|  |TAMS 0x0000000694400000, 0x0000000694400000| Untracked 
| 325|0x0000000694500000, 0x0000000694500000, 0x0000000694600000|  0%| F|  |TAMS 0x0000000694500000, 0x0000000694500000| Untracked 
| 326|0x0000000694600000, 0x0000000694600000, 0x0000000694700000|  0%| F|  |TAMS 0x0000000694600000, 0x0000000694600000| Untracked 
| 327|0x0000000694700000, 0x0000000694700000, 0x0000000694800000|  0%| F|  |TAMS 0x0000000694700000, 0x0000000694700000| Untracked 
| 328|0x0000000694800000, 0x0000000694800000, 0x0000000694900000|  0%| F|  |TAMS 0x0000000694800000, 0x0000000694800000| Untracked 
| 329|0x0000000694900000, 0x0000000694900000, 0x0000000694a00000|  0%| F|  |TAMS 0x0000000694900000, 0x0000000694900000| Untracked 
| 330|0x0000000694a00000, 0x0000000694a00000, 0x0000000694b00000|  0%| F|  |TAMS 0x0000000694a00000, 0x0000000694a00000| Untracked 
| 331|0x0000000694b00000, 0x0000000694b00000, 0x0000000694c00000|  0%| F|  |TAMS 0x0000000694b00000, 0x0000000694b00000| Untracked 
| 332|0x0000000694c00000, 0x0000000694c00000, 0x0000000694d00000|  0%| F|  |TAMS 0x0000000694c00000, 0x0000000694c00000| Untracked 
| 333|0x0000000694d00000, 0x0000000694d00000, 0x0000000694e00000|  0%| F|  |TAMS 0x0000000694d00000, 0x0000000694d00000| Untracked 
| 334|0x0000000694e00000, 0x0000000694e00000, 0x0000000694f00000|  0%| F|  |TAMS 0x0000000694e00000, 0x0000000694e00000| Untracked 
| 335|0x0000000694f00000, 0x0000000694f00000, 0x0000000695000000|  0%| F|  |TAMS 0x0000000694f00000, 0x0000000694f00000| Untracked 
| 336|0x0000000695000000, 0x0000000695000000, 0x0000000695100000|  0%| F|  |TAMS 0x0000000695000000, 0x0000000695000000| Untracked 
| 337|0x0000000695100000, 0x0000000695100000, 0x0000000695200000|  0%| F|  |TAMS 0x0000000695100000, 0x0000000695100000| Untracked 
| 338|0x0000000695200000, 0x0000000695200000, 0x0000000695300000|  0%| F|  |TAMS 0x0000000695200000, 0x0000000695200000| Untracked 
| 339|0x0000000695300000, 0x0000000695300000, 0x0000000695400000|  0%| F|  |TAMS 0x0000000695300000, 0x0000000695300000| Untracked 
| 340|0x0000000695400000, 0x0000000695400000, 0x0000000695500000|  0%| F|  |TAMS 0x0000000695400000, 0x0000000695400000| Untracked 
| 341|0x0000000695500000, 0x0000000695500000, 0x0000000695600000|  0%| F|  |TAMS 0x0000000695500000, 0x0000000695500000| Untracked 
| 342|0x0000000695600000, 0x0000000695600000, 0x0000000695700000|  0%| F|  |TAMS 0x0000000695600000, 0x0000000695600000| Untracked 
| 343|0x0000000695700000, 0x0000000695700000, 0x0000000695800000|  0%| F|  |TAMS 0x0000000695700000, 0x0000000695700000| Untracked 
| 344|0x0000000695800000, 0x0000000695800000, 0x0000000695900000|  0%| F|  |TAMS 0x0000000695800000, 0x0000000695800000| Untracked 
| 345|0x0000000695900000, 0x0000000695900000, 0x0000000695a00000|  0%| F|  |TAMS 0x0000000695900000, 0x0000000695900000| Untracked 
| 346|0x0000000695a00000, 0x0000000695a00000, 0x0000000695b00000|  0%| F|  |TAMS 0x0000000695a00000, 0x0000000695a00000| Untracked 
| 347|0x0000000695b00000, 0x0000000695b00000, 0x0000000695c00000|  0%| F|  |TAMS 0x0000000695b00000, 0x0000000695b00000| Untracked 
| 348|0x0000000695c00000, 0x0000000695c00000, 0x0000000695d00000|  0%| F|  |TAMS 0x0000000695c00000, 0x0000000695c00000| Untracked 
| 349|0x0000000695d00000, 0x0000000695d00000, 0x0000000695e00000|  0%| F|  |TAMS 0x0000000695d00000, 0x0000000695d00000| Untracked 
| 350|0x0000000695e00000, 0x0000000695e00000, 0x0000000695f00000|  0%| F|  |TAMS 0x0000000695e00000, 0x0000000695e00000| Untracked 
| 351|0x0000000695f00000, 0x0000000695f00000, 0x0000000696000000|  0%| F|  |TAMS 0x0000000695f00000, 0x0000000695f00000| Untracked 
| 352|0x0000000696000000, 0x0000000696000000, 0x0000000696100000|  0%| F|  |TAMS 0x0000000696000000, 0x0000000696000000| Untracked 
| 353|0x0000000696100000, 0x0000000696100000, 0x0000000696200000|  0%| F|  |TAMS 0x0000000696100000, 0x0000000696100000| Untracked 
| 354|0x0000000696200000, 0x0000000696200000, 0x0000000696300000|  0%| F|  |TAMS 0x0000000696200000, 0x0000000696200000| Untracked 
| 355|0x0000000696300000, 0x0000000696300000, 0x0000000696400000|  0%| F|  |TAMS 0x0000000696300000, 0x0000000696300000| Untracked 
| 356|0x0000000696400000, 0x0000000696400000, 0x0000000696500000|  0%| F|  |TAMS 0x0000000696400000, 0x0000000696400000| Untracked 
| 357|0x0000000696500000, 0x0000000696500000, 0x0000000696600000|  0%| F|  |TAMS 0x0000000696500000, 0x0000000696500000| Untracked 
| 358|0x0000000696600000, 0x0000000696600000, 0x0000000696700000|  0%| F|  |TAMS 0x0000000696600000, 0x0000000696600000| Untracked 
| 359|0x0000000696700000, 0x0000000696700000, 0x0000000696800000|  0%| F|  |TAMS 0x0000000696700000, 0x0000000696700000| Untracked 
| 360|0x0000000696800000, 0x0000000696800000, 0x0000000696900000|  0%| F|  |TAMS 0x0000000696800000, 0x0000000696800000| Untracked 
| 361|0x0000000696900000, 0x0000000696900000, 0x0000000696a00000|  0%| F|  |TAMS 0x0000000696900000, 0x0000000696900000| Untracked 
| 362|0x0000000696a00000, 0x0000000696a00000, 0x0000000696b00000|  0%| F|  |TAMS 0x0000000696a00000, 0x0000000696a00000| Untracked 
| 363|0x0000000696b00000, 0x0000000696b00000, 0x0000000696c00000|  0%| F|  |TAMS 0x0000000696b00000, 0x0000000696b00000| Untracked 
| 364|0x0000000696c00000, 0x0000000696c00000, 0x0000000696d00000|  0%| F|  |TAMS 0x0000000696c00000, 0x0000000696c00000| Untracked 
| 365|0x0000000696d00000, 0x0000000696d00000, 0x0000000696e00000|  0%| F|  |TAMS 0x0000000696d00000, 0x0000000696d00000| Untracked 
| 366|0x0000000696e00000, 0x0000000696e00000, 0x0000000696f00000|  0%| F|  |TAMS 0x0000000696e00000, 0x0000000696e00000| Untracked 
| 367|0x0000000696f00000, 0x0000000696f00000, 0x0000000697000000|  0%| F|  |TAMS 0x0000000696f00000, 0x0000000696f00000| Untracked 
| 368|0x0000000697000000, 0x0000000697000000, 0x0000000697100000|  0%| F|  |TAMS 0x0000000697000000, 0x0000000697000000| Untracked 
| 369|0x0000000697100000, 0x0000000697100000, 0x0000000697200000|  0%| F|  |TAMS 0x0000000697100000, 0x0000000697100000| Untracked 
| 370|0x0000000697200000, 0x0000000697200000, 0x0000000697300000|  0%| F|  |TAMS 0x0000000697200000, 0x0000000697200000| Untracked 
| 371|0x0000000697300000, 0x0000000697300000, 0x0000000697400000|  0%| F|  |TAMS 0x0000000697300000, 0x0000000697300000| Untracked 
| 372|0x0000000697400000, 0x0000000697400000, 0x0000000697500000|  0%| F|  |TAMS 0x0000000697400000, 0x0000000697400000| Untracked 
| 373|0x0000000697500000, 0x0000000697500000, 0x0000000697600000|  0%| F|  |TAMS 0x0000000697500000, 0x0000000697500000| Untracked 
| 374|0x0000000697600000, 0x0000000697600000, 0x0000000697700000|  0%| F|  |TAMS 0x0000000697600000, 0x0000000697600000| Untracked 
| 375|0x0000000697700000, 0x0000000697800000, 0x0000000697800000|100%| E|  |TAMS 0x0000000697700000, 0x0000000697700000| Complete 
| 376|0x0000000697800000, 0x0000000697900000, 0x0000000697900000|100%| E|CS|TAMS 0x0000000697800000, 0x0000000697800000| Complete 
| 377|0x0000000697900000, 0x0000000697a00000, 0x0000000697a00000|100%| E|CS|TAMS 0x0000000697900000, 0x0000000697900000| Complete 
| 378|0x0000000697a00000, 0x0000000697b00000, 0x0000000697b00000|100%| E|CS|TAMS 0x0000000697a00000, 0x0000000697a00000| Complete 
| 379|0x0000000697b00000, 0x0000000697c00000, 0x0000000697c00000|100%| E|CS|TAMS 0x0000000697b00000, 0x0000000697b00000| Complete 
| 380|0x0000000697c00000, 0x0000000697d00000, 0x0000000697d00000|100%| E|CS|TAMS 0x0000000697c00000, 0x0000000697c00000| Complete 
| 381|0x0000000697d00000, 0x0000000697e00000, 0x0000000697e00000|100%| E|CS|TAMS 0x0000000697d00000, 0x0000000697d00000| Complete 
| 382|0x0000000697e00000, 0x0000000697f00000, 0x0000000697f00000|100%| E|CS|TAMS 0x0000000697e00000, 0x0000000697e00000| Complete 
| 383|0x0000000697f00000, 0x0000000698000000, 0x0000000698000000|100%| E|CS|TAMS 0x0000000697f00000, 0x0000000697f00000| Complete 
|5118|0x00000007bfe00000, 0x00000007bfe46000, 0x00000007bff00000| 27%|OA|  |TAMS 0x00000007bfe00000, 0x00000007bfe00000| Untracked 
|5119|0x00000007bff00000, 0x00000007bff6f000, 0x00000007c0000000| 43%|CA|  |TAMS 0x00000007bff00000, 0x00000007bff00000| Untracked 

Card table byte_map: [0x0000000113b80000,0x0000000114780000] _byte_map_base: 0x0000000110780000

Marking Bits (Prev, Next): (CMBitMap*) 0x00007fbb4682c418, (CMBitMap*) 0x00007fbb4682c458
 Prev Bits: [0x000000012498f000, 0x000000012a98f000)
 Next Bits: [0x000000012a98f000, 0x000000013098f000)

Polling page: 0x000000010a55e000

Metaspace:

Usage:
  Non-class:     11.16 MB capacity,    10.85 MB ( 97%) used,   294.24 KB (  3%) free+waste,    25.25 KB ( <1%) overhead. 
      Class:      1.46 MB capacity,     1.35 MB ( 92%) used,   102.38 KB (  7%) free+waste,    12.50 KB ( <1%) overhead. 
       Both:     12.62 MB capacity,    12.19 MB ( 97%) used,   396.62 KB (  3%) free+waste,    37.75 KB ( <1%) overhead. 

Virtual space:
  Non-class space:       12.00 MB reserved,      11.25 MB ( 94%) committed 
      Class space:        1.00 GB reserved,       1.50 MB ( <1%) committed 
             Both:        1.01 GB reserved,      12.75 MB (  1%) committed 

Chunk freelists:
   Non-Class:  5.75 KB
       Class:  0 bytes
        Both:  5.75 KB

CodeHeap 'non-profiled nmethods': size=120032Kb used=695Kb max_used=695Kb free=119336Kb
 bounds [0x000000011d457000, 0x000000011d6c7000, 0x000000012498f000]
CodeHeap 'profiled nmethods': size=120032Kb used=3674Kb max_used=3999Kb free=116357Kb
 bounds [0x0000000115f1f000, 0x000000011630f000, 0x000000011d457000]
CodeHeap 'non-nmethods': size=5696Kb used=1182Kb max_used=1226Kb free=4513Kb
 bounds [0x000000011598f000, 0x0000000115bff000, 0x0000000115f1f000]
 total_blobs=2948 nmethods=1789 adapters=431
 compilation: enabled
              stopped_count=0, restarted_count=0
 full_count=0

Compilation events (10 events):
Event: 13.480 Thread 0x00007fbb46095800 2017       4       org.bson.io.ByteBufferBsonInput::ensureAvailable (53 bytes)
Event: 13.480 Thread 0x00007fbb46844800 2018       3       org.bson.BsonBinaryReader::getContext (5 bytes)
Event: 13.480 Thread 0x00007fbb46844800 nmethod 2018 0x0000000115f43190 code [0x0000000115f43360, 0x0000000115f43670]
Event: 13.480 Thread 0x00007fbb46844800 2020       3       org.bson.AbstractBsonReader::verifyBSONType (115 bytes)
Event: 13.481 Thread 0x00007fbb46095800 nmethod 2017 0x000000011d504e10 code [0x000000011d504fa0, 0x000000011d505078]
Event: 13.481 Thread 0x00007fbb46844800 nmethod 2020 0x0000000115f5a510 code [0x0000000115f5a820, 0x0000000115f5be38]
Event: 13.481 Thread 0x00007fbb46844800 2021       3       java.lang.StringCoding::decodeUTF8 (45 bytes)
Event: 13.481 Thread 0x00007fbb46844800 nmethod 2021 0x0000000115f56290 code [0x0000000115f564a0, 0x0000000115f56998]
Event: 13.481 Thread 0x00007fbb46844800 2019       1       org.bson.AbstractBsonReader$Context::getParentContext (5 bytes)
Event: 13.481 Thread 0x00007fbb46844800 nmethod 2019 0x000000011d505190 code [0x000000011d505340, 0x000000011d505470]

GC Heap History (6 events):
Event: 0.665 GC heap before
{Heap before GC invocations=0 (full 0):
 garbage-first heap   total 395264K, used 19156K [0x0000000680000000, 0x0000000800000000)
  region size 1024K, 19 young (19456K), 0 survivors (0K)
 Metaspace       used 8100K, capacity 8371K, committed 8704K, reserved 1056768K
  class space    used 884K, capacity 978K, committed 1024K, reserved 1048576K
}
Event: 0.674 GC heap after
{Heap after GC invocations=1 (full 0):
 garbage-first heap   total 395264K, used 3840K [0x0000000680000000, 0x0000000800000000)
  region size 1024K, 3 young (3072K), 3 survivors (3072K)
 Metaspace       used 8100K, capacity 8371K, committed 8704K, reserved 1056768K
  class space    used 884K, capacity 978K, committed 1024K, reserved 1048576K
}
Event: 1.706 GC heap before
{Heap before GC invocations=1 (full 0):
 garbage-first heap   total 395264K, used 83712K [0x0000000680000000, 0x0000000800000000)
  region size 1024K, 81 young (82944K), 3 survivors (3072K)
 Metaspace       used 8222K, capacity 8499K, committed 8704K, reserved 1056768K
  class space    used 884K, capacity 978K, committed 1024K, reserved 1048576K
}
Event: 1.710 GC heap after
{Heap after GC invocations=2 (full 0):
 garbage-first heap   total 395264K, used 4058K [0x0000000680000000, 0x0000000800000000)
  region size 1024K, 4 young (4096K), 4 survivors (4096K)
 Metaspace       used 8222K, capacity 8499K, committed 8704K, reserved 1056768K
  class space    used 884K, capacity 978K, committed 1024K, reserved 1048576K
}
Event: 3.045 GC heap before
{Heap before GC invocations=2 (full 0):
 garbage-first heap   total 395264K, used 92122K [0x0000000680000000, 0x0000000800000000)
  region size 1024K, 90 young (92160K), 4 survivors (4096K)
 Metaspace       used 11659K, capacity 12080K, committed 12288K, reserved 1060864K
  class space    used 1307K, capacity 1454K, committed 1536K, reserved 1048576K
}
Event: 3.050 GC heap after
{Heap after GC invocations=3 (full 0):
 garbage-first heap   total 395264K, used 5838K [0x0000000680000000, 0x0000000800000000)
  region size 1024K, 5 young (5120K), 5 survivors (5120K)
 Metaspace       used 11659K, capacity 12080K, committed 12288K, reserved 1060864K
  class space    used 1307K, capacity 1454K, committed 1536K, reserved 1048576K
}

Deoptimization events (10 events):
Event: 3.280 Thread 0x00007fbb47353800 Uncommon trap: reason=class_check action=maybe_recompile pc=0x000000011d4afbb8 method=java.nio.ByteBuffer.limit(I)Ljava/nio/Buffer; @ 2 c2
Event: 3.280 Thread 0x00007fbb461ed000 Uncommon trap: reason=class_check action=maybe_recompile pc=0x000000011d4af824 method=java.nio.ByteBuffer.position(I)Ljava/nio/Buffer; @ 2 c2
Event: 3.280 Thread 0x00007fbb4616d000 Uncommon trap: reason=class_check action=maybe_recompile pc=0x000000011d4af824 method=java.nio.ByteBuffer.position(I)Ljava/nio/Buffer; @ 2 c2
Event: 3.280 Thread 0x00007fbb47353800 Uncommon trap: reason=class_check action=maybe_recompile pc=0x000000011d4af824 method=java.nio.ByteBuffer.position(I)Ljava/nio/Buffer; @ 2 c2
Event: 3.281 Thread 0x00007fbb47353800 Uncommon trap: reason=class_check action=maybe_recompile pc=0x000000011d4af824 method=java.nio.ByteBuffer.position(I)Ljava/nio/Buffer; @ 2 c2
Event: 3.282 Thread 0x00007fbb47353800 Uncommon trap: reason=class_check action=maybe_recompile pc=0x000000011d4afbb8 method=java.nio.ByteBuffer.limit(I)Ljava/nio/Buffer; @ 2 c2
Event: 3.283 Thread 0x00007fbb47353800 Uncommon trap: reason=unstable_if action=reinterpret pc=0x000000011d4cf9a8 method=java.util.concurrent.ConcurrentHashMap.get(Ljava/lang/Object;)Ljava/lang/Object; @ 86 c2
Event: 3.283 Thread 0x00007fbb461ed000 Uncommon trap: reason=class_check action=maybe_recompile pc=0x000000011d4afbb8 method=java.nio.ByteBuffer.limit(I)Ljava/nio/Buffer; @ 2 c2
Event: 7.596 Thread 0x00007fbb471c5000 Uncommon trap: reason=unstable_if action=reinterpret pc=0x000000011d4bcf3c method=com.sun.crypto.provider.GaloisCounterMode.decryptFinal([BII[BI)I @ 5 c2
Event: 13.433 Thread 0x00007fbb47353800 Uncommon trap: reason=unstable_if action=reinterpret pc=0x000000011d4e42b8 method=java.util.concurrent.ConcurrentHashMap.addCount(JI)V @ 259 c2

Classes redefined (0 events):
No events

Internal exceptions (10 events):
Event: 2.935 Thread 0x00007fbb46802800 Exception <a 'java/lang/ClassNotFoundException'{0x0000000693182d08}: sun/util/logging/resources/spi/loggingProvider> (0x0000000693182d08) thrown at [/scratch/mesos/slaves/07fc96ef-bf4d-487f-b22f-a84e49f5f44a-S132128/frameworks/1735e8a2-a1db-478c-8104-60c8
Event: 2.941 Thread 0x00007fbb46802800 Implicit null exception at 0x000000011d4c2804 to 0x000000011d4c2d1e
Event: 2.943 Thread 0x00007fbb47352800 Implicit null exception at 0x000000011d4c461d to 0x000000011d4c4716
Event: 3.002 Thread 0x00007fbb47352800 Exception <a 'java/lang/NoSuchMethodError'{0x0000000693033670}: java.lang.invoke.DirectMethodHandle$Holder.invokeStatic(Ljava/lang/Object;Ljava/lang/Object;Ljava/lang/Object;Ljava/lang/Object;Ljava/lang/Object;Ljava/lang/Object;Ljava/lang/Object;Ljava/lan
Event: 3.003 Thread 0x00007fbb47352800 Exception <a 'java/lang/NoSuchMethodError'{0x000000069303f640}: java.lang.invoke.DirectMethodHandle$Holder.invokeStatic(Ljava/lang/Object;Ljava/lang/Object;Ljava/lang/Object;Ljava/lang/Object;Ljava/lang/Object;Ljava/lang/Object;Ljava/lang/Object;Ljava/lan
Event: 3.004 Thread 0x00007fbb47352800 Exception <a 'java/lang/NoSuchMethodError'{0x000000069304b818}: java.lang.invoke.DirectMethodHandle$Holder.invokeSpecial(Ljava/lang/Object;Ljava/lang/Object;JIIILjava/lang/Object;)Ljava/lang/Object;> (0x000000069304b818) thrown at [/scratch/mesos/slaves/0
Event: 3.004 Thread 0x00007fbb47352800 Exception <a 'java/lang/NoSuchMethodError'{0x000000069304e7a8}: java.lang.invoke.DelegatingMethodHandle$Holder.reinvoke_L(Ljava/lang/Object;JIIILjava/lang/Object;)Ljava/lang/Object;> (0x000000069304e7a8) thrown at [/scratch/mesos/slaves/07fc96ef-bf4d-487f
Event: 3.005 Thread 0x00007fbb47352800 Exception <a 'java/lang/NoSuchMethodError'{0x000000069305eac0}: java.lang.invoke.DirectMethodHandle$Holder.invokeStatic(Ljava/lang/Object;Ljava/lang/Object;Ljava/lang/Object;Ljava/lang/Object;J)Ljava/lang/Object;> (0x000000069305eac0) thrown at [/scratch/
Event: 3.045 Thread 0x00007fbb47352800 Implicit null exception at 0x000000011d4d7f84 to 0x000000011d4d84b2
Event: 3.192 Thread 0x00007fbb4616d000 Implicit null exception at 0x000000011d4b19b9 to 0x000000011d4b1b46

Events (10 events):
Event: 7.596 loading class javax/crypto/AEADBadTagException
Event: 7.596 loading class javax/crypto/AEADBadTagException done
Event: 7.597 Executing VM operation: RevokeBias
Event: 7.597 Executing VM operation: RevokeBias done
Event: 7.597 Executing VM operation: RevokeBias
Event: 7.597 Executing VM operation: RevokeBias done
Event: 7.597 Thread 0x00007fbb471c5000 Thread exited: 0x00007fbb471c5000
Event: 13.433 Thread 0x00007fbb47353800 Uncommon trap: trap_request=0xffffff4d fr.pc=0x000000011d4e42b8 relative=0x0000000000001278
Event: 13.433 Thread 0x00007fbb47353800 DEOPT PACKING pc=0x000000011d4e42b8 sp=0x000070000e67dd70
Event: 13.433 Thread 0x00007fbb47353800 DEOPT UNPACKING pc=0x00000001159b83a5 sp=0x000070000e67dc50 mode 2


Dynamic libraries:
0x00007fff6994c000 	/usr/lib/libz.1.dylib
0x0000000108f5f000 	/Library/Java/JavaVirtualMachines/jdk-12.jdk/Contents/Home/lib/libjli.dylib
0x00007fff3d622000 	/System/Library/Frameworks/Cocoa.framework/Versions/A/Cocoa
0x00007fff49304000 	/System/Library/Frameworks/Security.framework/Versions/A/Security
0x00007fff3c2b7000 	/System/Library/Frameworks/ApplicationServices.framework/Versions/A/ApplicationServices
0x00007fff6707c000 	/usr/lib/libSystem.B.dylib
0x00007fff6a13b000 	/usr/lib/system/libcache.dylib
0x00007fff6a140000 	/usr/lib/system/libcommonCrypto.dylib
0x00007fff6a14b000 	/usr/lib/system/libcompiler_rt.dylib
0x00007fff6a153000 	/usr/lib/system/libcopyfile.dylib
0x00007fff6a15d000 	/usr/lib/system/libcorecrypto.dylib
0x00007fff6a268000 	/usr/lib/system/libdispatch.dylib
0x00007fff6a2a2000 	/usr/lib/system/libdyld.dylib
0x00007fff6a2cf000 	/usr/lib/system/libkeymgr.dylib
0x00007fff6a2dd000 	/usr/lib/system/liblaunch.dylib
0x00007fff6a2de000 	/usr/lib/system/libmacho.dylib
0x00007fff6a2e4000 	/usr/lib/system/libquarantine.dylib
0x00007fff6a2e7000 	/usr/lib/system/libremovefile.dylib
0x00007fff6a2e9000 	/usr/lib/system/libsystem_asl.dylib
0x00007fff6a301000 	/usr/lib/system/libsystem_blocks.dylib
0x00007fff6a302000 	/usr/lib/system/libsystem_c.dylib
0x00007fff6a38a000 	/usr/lib/system/libsystem_configuration.dylib
0x00007fff6a38e000 	/usr/lib/system/libsystem_coreservices.dylib
0x00007fff6a392000 	/usr/lib/system/libsystem_darwin.dylib
0x00007fff6a399000 	/usr/lib/system/libsystem_dnssd.dylib
0x00007fff6a3a0000 	/usr/lib/system/libsystem_info.dylib
0x00007fff6a415000 	/usr/lib/system/libsystem_m.dylib
0x00007fff6a461000 	/usr/lib/system/libsystem_malloc.dylib
0x00007fff6a486000 	/usr/lib/system/libsystem_networkextension.dylib
0x00007fff6a491000 	/usr/lib/system/libsystem_notify.dylib
0x00007fff6a4ae000 	/usr/lib/system/libsystem_sandbox.dylib
0x00007fff6a4b2000 	/usr/lib/system/libsystem_secinit.dylib
0x00007fff6a3ec000 	/usr/lib/system/libsystem_kernel.dylib
0x00007fff6a499000 	/usr/lib/system/libsystem_platform.dylib
0x00007fff6a4a3000 	/usr/lib/system/libsystem_pthread.dylib
0x00007fff6a4b5000 	/usr/lib/system/libsystem_symptoms.dylib
0x00007fff6a4bd000 	/usr/lib/system/libsystem_trace.dylib
0x00007fff6a4d4000 	/usr/lib/system/libunwind.dylib
0x00007fff6a4da000 	/usr/lib/system/libxpc.dylib
0x00007fff68a76000 	/usr/lib/libobjc.A.dylib
0x00007fff67313000 	/usr/lib/libc++abi.dylib
0x00007fff672bf000 	/usr/lib/libc++.1.dylib
0x00007fff3de0a000 	/System/Library/Frameworks/CoreFoundation.framework/Versions/A/CoreFoundation
0x00007fff4007e000 	/System/Library/Frameworks/Foundation.framework/Versions/C/Foundation
0x00007fff3b4b0000 	/System/Library/Frameworks/AppKit.framework/Versions/C/AppKit
0x00007fff3d99d000 	/System/Library/Frameworks/CoreData.framework/Versions/A/CoreData
0x00007fff60bcb000 	/System/Library/PrivateFrameworks/RemoteViewServices.framework/Versions/A/RemoteViewServices
0x00007fff64dbf000 	/System/Library/PrivateFrameworks/UIFoundation.framework/Versions/A/UIFoundation
0x00007fff664a1000 	/System/Library/PrivateFrameworks/XCTTargetBootstrap.framework/Versions/A/XCTTargetBootstrap
0x00007fff5ba08000 	/System/Library/PrivateFrameworks/IconServices.framework/Versions/A/IconServices
0x00007fff42997000 	/System/Library/Frameworks/Metal.framework/Versions/A/Metal
0x00007fff52f93000 	/System/Library/PrivateFrameworks/DesktopServicesPriv.framework/Versions/A/DesktopServicesPriv
0x00007fff67ddc000 	/usr/lib/libenergytrace.dylib
0x00007fff632ae000 	/System/Library/PrivateFrameworks/SkyLight.framework/Versions/A/SkyLight
0x00007fff3e24f000 	/System/Library/Frameworks/CoreGraphics.framework/Versions/A/CoreGraphics
0x00007fff3a27c000 	/System/Library/Frameworks/Accelerate.framework/Versions/A/Accelerate
0x00007fff407c4000 	/System/Library/Frameworks/IOSurface.framework/Versions/A/IOSurface
0x00007fff52dff000 	/System/Library/PrivateFrameworks/DFRFoundation.framework/Versions/A/DFRFoundation
0x00007fff3c79a000 	/System/Library/Frameworks/AudioToolbox.framework/Versions/A/AudioToolbox
0x00007fff3ca13000 	/System/Library/Frameworks/AudioUnit.framework/Versions/A/AudioUnit
0x00007fff52e94000 	/System/Library/PrivateFrameworks/DataDetectorsCore.framework/Versions/A/DataDetectorsCore
0x00007fff3d126000 	/System/Library/Frameworks/Carbon.framework/Versions/A/Frameworks/HIToolbox.framework/Versions/A/HIToolbox
0x00007fff67f35000 	/usr/lib/libicucore.A.dylib
0x00007fff4887b000 	/System/Library/Frameworks/QuartzCore.framework/Versions/A/QuartzCore
0x00007fff3d4fa000 	/System/Library/Frameworks/Carbon.framework/Versions/A/Frameworks/SpeechRecognition.framework/Versions/A/SpeechRecognition
0x00007fff671d0000 	/usr/lib/libauto.dylib
0x00007fff69840000 	/usr/lib/libxml2.2.dylib
0x00007fff529df000 	/System/Library/PrivateFrameworks/CoreUI.framework/Versions/A/CoreUI
0x00007fff3d888000 	/System/Library/Frameworks/CoreAudio.framework/Versions/A/CoreAudio
0x00007fff3feba000 	/System/Library/Frameworks/DiskArbitration.framework/Versions/A/DiskArbitration
0x00007fff681e2000 	/usr/lib/liblangid.dylib
0x00007fff5ce07000 	/System/Library/PrivateFrameworks/MultitouchSupport.framework/Versions/A/MultitouchSupport
0x00007fff40733000 	/System/Library/Frameworks/IOKit.framework/Versions/A/IOKit
0x00007fff66c3d000 	/usr/lib/libDiagnosticMessagesClient.dylib
0x00007fff3f05b000 	/System/Library/Frameworks/CoreServices.framework/Versions/A/CoreServices
0x00007fff5e9dd000 	/System/Library/PrivateFrameworks/PerformanceAnalysis.framework/Versions/A/PerformanceAnalysis
0x00007fff47a6b000 	/System/Library/Frameworks/OpenGL.framework/Versions/A/OpenGL
0x00007fff3d630000 	/System/Library/Frameworks/ColorSync.framework/Versions/A/ColorSync
0x00007fff3e8e0000 	/System/Library/Frameworks/CoreImage.framework/Versions/A/CoreImage
0x00007fff3fa34000 	/System/Library/Frameworks/CoreText.framework/Versions/A/CoreText
0x00007fff40827000 	/System/Library/Frameworks/ImageIO.framework/Versions/A/ImageIO
0x00007fff4f03d000 	/System/Library/PrivateFrameworks/Backup.framework/Versions/A/Backup
0x00007fff67123000 	/usr/lib/libarchive.2.dylib
0x00007fff3cd6b000 	/System/Library/Frameworks/CFNetwork.framework/Versions/A/CFNetwork
0x00007fff49a5d000 	/System/Library/Frameworks/SystemConfiguration.framework/Versions/A/SystemConfiguration
0x00007fff66b6e000 	/usr/lib/libCRFSuite.dylib
0x00007fff672a0000 	/usr/lib/libbsm.0.dylib
0x00007fff6a2d0000 	/usr/lib/system/libkxld.dylib
0x00007fff4e283000 	/System/Library/PrivateFrameworks/AppleFSCompression.framework/Versions/A/AppleFSCompression
0x00007fff66f3c000 	/usr/lib/libOpenScriptingUtil.dylib
0x00007fff675c8000 	/usr/lib/libcoretls.dylib
0x00007fff675df000 	/usr/lib/libcoretls_cfhelpers.dylib
0x00007fff6920d000 	/usr/lib/libpam.2.dylib
0x00007fff693cd000 	/usr/lib/libsqlite3.dylib
0x00007fff6982e000 	/usr/lib/libxar.1.dylib
0x00007fff672b1000 	/usr/lib/libbz2.1.0.dylib
0x00007fff681e4000 	/usr/lib/liblzma.5.dylib
0x00007fff68695000 	/usr/lib/libnetwork.dylib
0x00007fff6710c000 	/usr/lib/libapple_nghttp2.dylib
0x00007fff69214000 	/usr/lib/libpcap.A.dylib
0x00007fff3f3fa000 	/System/Library/Frameworks/CoreServices.framework/Versions/A/Frameworks/FSEvents.framework/Versions/A/FSEvents
0x00007fff3f0d9000 	/System/Library/Frameworks/CoreServices.framework/Versions/A/Frameworks/CarbonCore.framework/Versions/A/CarbonCore
0x00007fff3f5b6000 	/System/Library/Frameworks/CoreServices.framework/Versions/A/Frameworks/Metadata.framework/Versions/A/Metadata
0x00007fff3f655000 	/System/Library/Frameworks/CoreServices.framework/Versions/A/Frameworks/OSServices.framework/Versions/A/OSServices
0x00007fff3f6a0000 	/System/Library/Frameworks/CoreServices.framework/Versions/A/Frameworks/SearchKit.framework/Versions/A/SearchKit
0x00007fff3f05c000 	/System/Library/Frameworks/CoreServices.framework/Versions/A/Frameworks/AE.framework/Versions/A/AE
0x00007fff3f403000 	/System/Library/Frameworks/CoreServices.framework/Versions/A/Frameworks/LaunchServices.framework/Versions/A/LaunchServices
0x00007fff3f3b1000 	/System/Library/Frameworks/CoreServices.framework/Versions/A/Frameworks/DictionaryServices.framework/Versions/A/DictionaryServices
0x00007fff3f708000 	/System/Library/Frameworks/CoreServices.framework/Versions/A/Frameworks/SharedFileList.framework/Versions/A/SharedFileList
0x00007fff43a46000 	/System/Library/Frameworks/NetFS.framework/Versions/A/NetFS
0x00007fff5d06d000 	/System/Library/PrivateFrameworks/NetAuth.framework/Versions/A/NetAuth
0x00007fff668a5000 	/System/Library/PrivateFrameworks/login.framework/Versions/A/Frameworks/loginsupport.framework/Versions/A/loginsupport
0x00007fff649c8000 	/System/Library/PrivateFrameworks/TCC.framework/Versions/A/TCC
0x00007fff5203e000 	/System/Library/PrivateFrameworks/CoreNLP.framework/Versions/A/CoreNLP
0x00007fff5cb07000 	/System/Library/PrivateFrameworks/MetadataUtilities.framework/Versions/A/MetadataUtilities
0x00007fff682b9000 	/usr/lib/libmecabra.dylib
0x00007fff3c2b8000 	/System/Library/Frameworks/ApplicationServices.framework/Versions/A/Frameworks/ATS.framework/Versions/A/ATS
0x00007fff3c607000 	/System/Library/Frameworks/ApplicationServices.framework/Versions/A/Frameworks/ColorSyncLegacy.framework/Versions/A/ColorSyncLegacy
0x00007fff3c6a6000 	/System/Library/Frameworks/ApplicationServices.framework/Versions/A/Frameworks/HIServices.framework/Versions/A/HIServices
0x00007fff3c6f9000 	/System/Library/Frameworks/ApplicationServices.framework/Versions/A/Frameworks/LangAnalysis.framework/Versions/A/LangAnalysis
0x00007fff3c709000 	/System/Library/Frameworks/ApplicationServices.framework/Versions/A/Frameworks/PrintCore.framework/Versions/A/PrintCore
0x00007fff3c753000 	/System/Library/Frameworks/ApplicationServices.framework/Versions/A/Frameworks/QD.framework/Versions/A/QD
0x00007fff3c78d000 	/System/Library/Frameworks/ApplicationServices.framework/Versions/A/Frameworks/SpeechSynthesis.framework/Versions/A/SpeechSynthesis
0x00007fff6733b000 	/usr/lib/libcompression.dylib
0x00007fff3dd22000 	/System/Library/Frameworks/CoreDisplay.framework/Versions/A/CoreDisplay
0x00007fff42c4e000 	/System/Library/Frameworks/MetalPerformanceShaders.framework/Versions/A/MetalPerformanceShaders
0x00007fff3a294000 	/System/Library/Frameworks/Accelerate.framework/Versions/A/Frameworks/vImage.framework/Versions/A/vImage
0x00007fff3b30e000 	/System/Library/Frameworks/Accelerate.framework/Versions/A/Frameworks/vecLib.framework/Versions/A/vecLib
0x00007fff3b25a000 	/System/Library/Frameworks/Accelerate.framework/Versions/A/Frameworks/vecLib.framework/Versions/A/libvMisc.dylib
0x00007fff3b072000 	/System/Library/Frameworks/Accelerate.framework/Versions/A/Frameworks/vecLib.framework/Versions/A/libvDSP.dylib
0x00007fff3a92e000 	/System/Library/Frameworks/Accelerate.framework/Versions/A/Frameworks/vecLib.framework/Versions/A/libBLAS.dylib
0x00007fff3ac1b000 	/System/Library/Frameworks/Accelerate.framework/Versions/A/Frameworks/vecLib.framework/Versions/A/libLAPACK.dylib
0x00007fff3afc5000 	/System/Library/Frameworks/Accelerate.framework/Versions/A/Frameworks/vecLib.framework/Versions/A/libLinearAlgebra.dylib
0x00007fff3b05e000 	/System/Library/Frameworks/Accelerate.framework/Versions/A/Frameworks/vecLib.framework/Versions/A/libSparseBLAS.dylib
0x00007fff3afdb000 	/System/Library/Frameworks/Accelerate.framework/Versions/A/Frameworks/vecLib.framework/Versions/A/libQuadrature.dylib
0x00007fff3aba8000 	/System/Library/Frameworks/Accelerate.framework/Versions/A/Frameworks/vecLib.framework/Versions/A/libBNNS.dylib
0x00007fff3afe1000 	/System/Library/Frameworks/Accelerate.framework/Versions/A/Frameworks/vecLib.framework/Versions/A/libSparse.dylib
0x00007fff59379000 	/System/Library/PrivateFrameworks/GPUWrangler.framework/Versions/A/GPUWrangler
0x00007fff5b63d000 	/System/Library/PrivateFrameworks/IOAccelerator.framework/Versions/A/IOAccelerator
0x00007fff5b648000 	/System/Library/PrivateFrameworks/IOPresentment.framework/Versions/A/IOPresentment
0x00007fff52e0f000 	/System/Library/PrivateFrameworks/DSExternalDisplay.framework/Versions/A/DSExternalDisplay
0x00007fff46ec2000 	/System/Library/Frameworks/OpenGL.framework/Versions/A/Libraries/libCoreFSCache.dylib
0x00007fff42a42000 	/System/Library/Frameworks/MetalPerformanceShaders.framework/Frameworks/MPSCore.framework/Versions/A/MPSCore
0x00007fff42a62000 	/System/Library/Frameworks/MetalPerformanceShaders.framework/Frameworks/MPSImage.framework/Versions/A/MPSImage
0x00007fff42b07000 	/System/Library/Frameworks/MetalPerformanceShaders.framework/Frameworks/MPSNeuralNetwork.framework/Versions/A/MPSNeuralNetwork
0x00007fff42adf000 	/System/Library/Frameworks/MetalPerformanceShaders.framework/Frameworks/MPSMatrix.framework/Versions/A/MPSMatrix
0x00007fff42c33000 	/System/Library/Frameworks/MetalPerformanceShaders.framework/Frameworks/MPSRayIntersector.framework/Versions/A/MPSRayIntersector
0x00007fff5cb30000 	/System/Library/PrivateFrameworks/MetalTools.framework/Versions/A/MetalTools
0x00007fff4d984000 	/System/Library/PrivateFrameworks/AggregateDictionary.framework/Versions/A/AggregateDictionary
0x00007fff66f1d000 	/usr/lib/libMobileGestalt.dylib
0x00007fff3fb97000 	/System/Library/Frameworks/CoreVideo.framework/Versions/A/CoreVideo
0x00007fff5a183000 	/System/Library/PrivateFrameworks/GraphVisualizer.framework/Versions/A/GraphVisualizer
0x00007fff54009000 	/System/Library/PrivateFrameworks/FaceCore.framework/Versions/A/FaceCore
0x00007fff464f0000 	/System/Library/Frameworks/OpenCL.framework/Versions/A/OpenCL
0x00007fff66c75000 	/usr/lib/libFosl_dynamic.dylib
0x00007fff5d8d8000 	/System/Library/PrivateFrameworks/OTSVG.framework/Versions/A/OTSVG
0x00007fff3c3bc000 	/System/Library/Frameworks/ApplicationServices.framework/Versions/A/Frameworks/ATS.framework/Versions/A/Resources/libFontParser.dylib
0x00007fff3c4d4000 	/System/Library/Frameworks/ApplicationServices.framework/Versions/A/Frameworks/ATS.framework/Versions/A/Resources/libFontRegistry.dylib
0x00007fff40a95000 	/System/Library/Frameworks/ImageIO.framework/Versions/A/Resources/libJPEG.dylib
0x00007fff40da7000 	/System/Library/Frameworks/ImageIO.framework/Versions/A/Resources/libTIFF.dylib
0x00007fff40d7d000 	/System/Library/Frameworks/ImageIO.framework/Versions/A/Resources/libPng.dylib
0x00007fff409b3000 	/System/Library/Frameworks/ImageIO.framework/Versions/A/Resources/libGIF.dylib
0x00007fff409b8000 	/System/Library/Frameworks/ImageIO.framework/Versions/A/Resources/libJP2.dylib
0x00007fff40da4000 	/System/Library/Frameworks/ImageIO.framework/Versions/A/Resources/libRadiance.dylib
0x00007fff4e3d8000 	/System/Library/PrivateFrameworks/AppleJPEG.framework/Versions/A/AppleJPEG
0x00007fff46ecd000 	/System/Library/Frameworks/OpenGL.framework/Versions/A/Libraries/libGFXShared.dylib
0x00007fff47090000 	/System/Library/Frameworks/OpenGL.framework/Versions/A/Libraries/libGLU.dylib
0x00007fff46ed6000 	/System/Library/Frameworks/OpenGL.framework/Versions/A/Libraries/libGL.dylib
0x00007fff46ee2000 	/System/Library/Frameworks/OpenGL.framework/Versions/A/Libraries/libGLImage.dylib
0x00007fff46ebf000 	/System/Library/Frameworks/OpenGL.framework/Versions/A/Libraries/libCVMSPluginSupport.dylib
0x00007fff46ec8000 	/System/Library/Frameworks/OpenGL.framework/Versions/A/Libraries/libCoreVMClient.dylib
0x00007fff67c52000 	/usr/lib/libcups.2.dylib
0x00007fff41f6a000 	/System/Library/Frameworks/Kerberos.framework/Versions/A/Kerberos
0x00007fff4049a000 	/System/Library/Frameworks/GSS.framework/Versions/A/GSS
0x00007fff69362000 	/usr/lib/libresolv.9.dylib
0x00007fff67e44000 	/usr/lib/libiconv.2.dylib
0x00007fff5a2df000 	/System/Library/PrivateFrameworks/Heimdal.framework/Versions/A/Heimdal
0x00007fff67e14000 	/usr/lib/libheimdal-asn1.dylib
0x00007fff46564000 	/System/Library/Frameworks/OpenDirectory.framework/Versions/A/OpenDirectory
0x00007fff50da5000 	/System/Library/PrivateFrameworks/CommonAuth.framework/Versions/A/CommonAuth
0x00007fff46548000 	/System/Library/Frameworks/OpenDirectory.framework/Versions/A/Frameworks/CFOpenDirectory.framework/Versions/A/CFOpenDirectory
0x00007fff49603000 	/System/Library/Frameworks/SecurityFoundation.framework/Versions/A/SecurityFoundation
0x00007fff4cedf000 	/System/Library/PrivateFrameworks/APFS.framework/Versions/A/APFS
0x00007fff6982a000 	/usr/lib/libutil.dylib
0x00007fff67329000 	/usr/lib/libcharset.1.dylib
0x00007fff4e675000 	/System/Library/PrivateFrameworks/AppleSauce.framework/Versions/A/AppleSauce
0x00007fff4e7f6000 	/System/Library/PrivateFrameworks/AssertionServices.framework/Versions/A/AssertionServices
0x00007fff4f0d3000 	/System/Library/PrivateFrameworks/BaseBoard.framework/Versions/A/BaseBoard
0x00007fff68214000 	/usr/lib/libmecab.1.0.0.dylib
0x00007fff67e0e000 	/usr/lib/libgermantok.dylib
0x00007fff670f9000 	/usr/lib/libThaiTokenizer.dylib
0x00007fff66ba5000 	/usr/lib/libChineseTokenizer.dylib
0x00007fff5bcf4000 	/System/Library/PrivateFrameworks/LanguageModeling.framework/Versions/A/LanguageModeling
0x00007fff51a84000 	/System/Library/PrivateFrameworks/CoreEmoji.framework/Versions/A/CoreEmoji
0x00007fff5bdd0000 	/System/Library/PrivateFrameworks/Lexicon.framework/Versions/A/Lexicon
0x00007fff5be13000 	/System/Library/PrivateFrameworks/LinguisticData.framework/Versions/A/LinguisticData
0x00007fff6732a000 	/usr/lib/libcmph.dylib
0x00007fff496c1000 	/System/Library/Frameworks/ServiceManagement.framework/Versions/A/ServiceManagement
0x00007fff4f034000 	/System/Library/PrivateFrameworks/BackgroundTaskManagement.framework/Versions/A/BackgroundTaskManagement
0x00007fff69923000 	/usr/lib/libxslt.1.dylib
0x00007fff3d427000 	/System/Library/Frameworks/Carbon.framework/Versions/A/Frameworks/Ink.framework/Versions/A/Ink
0x00007fff64c3a000 	/System/Library/PrivateFrameworks/TextureIO.framework/Versions/A/TextureIO
0x00007fff6714d000 	/usr/lib/libate.dylib
0x00007fff52d5f000 	/System/Library/PrivateFrameworks/CrashReporterSupport.framework/Versions/A/CrashReporterSupport
0x00007fff623ec000 	/System/Library/PrivateFrameworks/Sharing.framework/Versions/A/Sharing
0x00007fff4ebd5000 	/System/Library/PrivateFrameworks/AuthKit.framework/Versions/A/AuthKit
0x00007fff4df7f000 	/System/Library/PrivateFrameworks/Apple80211.framework/Versions/A/Apple80211
0x00007fff52b0b000 	/System/Library/PrivateFrameworks/CoreUtils.framework/Versions/A/CoreUtils
0x00007fff3fbd5000 	/System/Library/Frameworks/CoreWLAN.framework/Versions/A/CoreWLAN
0x00007fff405c9000 	/System/Library/Frameworks/IOBluetooth.framework/Versions/A/IOBluetooth
0x00007fff6087c000 	/System/Library/PrivateFrameworks/ProtocolBuffer.framework/Versions/A/ProtocolBuffer
0x00007fff5cd65000 	/System/Library/PrivateFrameworks/MobileKeyBag.framework/Versions/A/MobileKeyBag
0x00007fff52351000 	/System/Library/PrivateFrameworks/CorePhoneNumbers.framework/Versions/A/CorePhoneNumbers
0x00007fff4e38c000 	/System/Library/PrivateFrameworks/AppleIDAuthSupport.framework/Versions/A/AppleIDAuthSupport
0x00007fff5bcc7000 	/System/Library/PrivateFrameworks/KeychainCircle.framework/Versions/A/KeychainCircle
0x00007fff60a32000 	/System/Library/PrivateFrameworks/ROCKit.framework/Versions/A/ROCKit
0x00007fff52cfb000 	/System/Library/PrivateFrameworks/CoreWiFi.framework/Versions/A/CoreWiFi
0x00007fff3d972000 	/System/Library/Frameworks/CoreBluetooth.framework/Versions/A/CoreBluetooth
0x00007fff52f55000 	/System/Library/PrivateFrameworks/DebugSymbols.framework/Versions/A/DebugSymbols
0x00007fff528cc000 	/System/Library/PrivateFrameworks/CoreSymbolication.framework/Versions/A/CoreSymbolication
0x00007fff64456000 	/System/Library/PrivateFrameworks/Symbolication.framework/Versions/A/Symbolication
0x00007fff63cf9000 	/System/Library/PrivateFrameworks/SpeechRecognitionCore.framework/Versions/A/SpeechRecognitionCore
0x0000000109800000 	/Library/Java/JavaVirtualMachines/jdk-12.jdk/Contents/Home/lib/server/libjvm.dylib
0x0000000108fb9000 	/Library/Java/JavaVirtualMachines/jdk-12.jdk/Contents/Home/lib/libverify.dylib
0x0000000108fc5000 	/Library/Java/JavaVirtualMachines/jdk-12.jdk/Contents/Home/lib/libjava.dylib
0x000000010a5a8000 	/Library/Java/JavaVirtualMachines/jdk-12.jdk/Contents/Home/lib/libzip.dylib
0x000000010a5b0000 	/Library/Java/JavaVirtualMachines/jdk-12.jdk/Contents/Home/lib/libjimage.dylib
0x00000001332ff000 	/Library/Java/JavaVirtualMachines/jdk-12.jdk/Contents/Home/lib/libnio.dylib
0x000000013330d000 	/Library/Java/JavaVirtualMachines/jdk-12.jdk/Contents/Home/lib/./libnet.dylib
0x00000001333e0000 	/Library/Java/JavaVirtualMachines/jdk-12.jdk/Contents/Home/lib/libsunec.dylib
0x0000000108ff4000 	/Library/Java/JavaVirtualMachines/jdk-12.jdk/Contents/Home/lib/libextnet.dylib


VM Arguments:
java_command: /Users/superlamer/GitHub/code_mashup/node.js/apps/WeatherApp/utils/java/weather.jar
java_class_path (initial): /Users/superlamer/GitHub/code_mashup/node.js/apps/WeatherApp/utils/java/weather.jar
Launcher Type: SUN_STANDARD

[Global flags]
     intx CICompilerCount                          = 3                                         {product} {ergonomic}
     uint ConcGCThreads                            = 1                                         {product} {ergonomic}
     uint G1ConcRefinementThreads                  = 4                                         {product} {ergonomic}
   size_t G1HeapRegionSize                         = 1048576                                   {product} {ergonomic}
    uintx GCDrainStackTargetSize                   = 64                                        {product} {ergonomic}
   size_t InitialHeapSize                          = 402653184                                 {product} {ergonomic}
   size_t MarkStackSize                            = 4194304                                   {product} {ergonomic}
   size_t MaxHeapSize                              = 6442450944                                {product} {ergonomic}
   size_t MaxNewSize                               = 3865051136                                {product} {ergonomic}
   size_t MinHeapDeltaBytes                        = 1048576                                   {product} {ergonomic}
    uintx NonNMethodCodeHeapSize                   = 5830732                                {pd product} {ergonomic}
    uintx NonProfiledCodeHeapSize                  = 122913754                              {pd product} {ergonomic}
    uintx ProfiledCodeHeapSize                     = 122913754                              {pd product} {ergonomic}
    uintx ReservedCodeCacheSize                    = 251658240                              {pd product} {ergonomic}
     bool SegmentedCodeCache                       = true                                      {product} {ergonomic}
     bool UseCompressedClassPointers               = true                                 {lp64_product} {ergonomic}
     bool UseCompressedOops                        = true                                 {lp64_product} {ergonomic}
     bool UseG1GC                                  = true                                      {product} {ergonomic}

Logging:
Log output configuration:
 #0: stdout all=warning uptime,level,tags
 #1: stderr all=off uptime,level,tags

Environment Variables:
JAVA_HOME=/Library/Java/JavaVirtualMachines/jdk-12.jdk/Contents/Home
CLASSPATH=/Library/Java/Extensions/JMF-2.1.1e/lib/jmf.jar:/Library/Java/JavaVirtualMachines/jdk1.8.0_152.jdk/Contents/Home/db/lib/derby.jar:/Library/Java/JavaVirtualMachines/jdk1.8.0_152.jdk/Contents/Home/db/lib/derbytools.jar:/Library/Java/JavaVirtualMachines/jdk1.8.0_152.jdk/Contents/Home/db/lib/derbyoptionaltools.jar:/Library/Java/JavaVirtualMachines/jdk1.8.0_152.jdk/Contents/Home/db/lib/derbyclient.jar
PATH=/anaconda3/bin:/anaconda3/bin:/Library/Frameworks/Python.framework/Versions/3.6/bin:/usr/local/bin:/usr/bin:/bin:/usr/sbin:/sbin:/usr/local/share/dotnet:/usr/local/mysql/bin:~/.dotnet/tools:/Library/Frameworks/Mono.framework/Versions/Current/Commands:/Applications/Xamarin Workbooks.app/Contents/SharedSupport/path-bin:/Users/superlamer/anaconda3/bin:/Users/superlamer/anaconda3/condabin:/anaconda3/bin:/Library/Frameworks/Python.framework/Versions/3.6/bin:/usr/local/mysql/bin
SHELL=/bin/bash

Signal Handlers:
SIGSEGV: [libjvm.dylib+0x736292], sa_mask[0]=11111111011111110111111111111111, sa_flags=SA_ONSTACK|SA_RESTART|SA_SIGINFO
SIGBUS: [libjvm.dylib+0x736292], sa_mask[0]=11111111011111110111111111111111, sa_flags=SA_RESTART|SA_SIGINFO
SIGFPE: [libjvm.dylib+0x736292], sa_mask[0]=11111111011111110111111111111111, sa_flags=SA_RESTART|SA_SIGINFO
SIGPIPE: [libjvm.dylib+0x5ddd06], sa_mask[0]=11111111011111110111111111111111, sa_flags=SA_RESTART|SA_SIGINFO
SIGXFSZ: [libjvm.dylib+0x5ddd06], sa_mask[0]=11111111011111110111111111111111, sa_flags=SA_RESTART|SA_SIGINFO
SIGILL: [libjvm.dylib+0x736292], sa_mask[0]=11111111011111110111111111111111, sa_flags=SA_RESTART|SA_SIGINFO
SIGUSR2: [libjvm.dylib+0x5de2eb], sa_mask[0]=00000000000000000000000000000000, sa_flags=SA_RESTART|SA_SIGINFO
SIGHUP: [libjvm.dylib+0x5dcfab], sa_mask[0]=11111111011111110111111111111111, sa_flags=SA_RESTART|SA_SIGINFO
SIGINT: [libjvm.dylib+0x5dcfab], sa_mask[0]=11111111011111110111111111111111, sa_flags=SA_RESTART|SA_SIGINFO
SIGTERM: [libjvm.dylib+0x5dcfab], sa_mask[0]=11111111011111110111111111111111, sa_flags=SA_RESTART|SA_SIGINFO
SIGQUIT: [libjvm.dylib+0x5dcfab], sa_mask[0]=11111111011111110111111111111111, sa_flags=SA_RESTART|SA_SIGINFO


---------------  S Y S T E M  ---------------

OS:uname:Darwin 18.5.0 Darwin Kernel Version 18.5.0: Mon Mar 11 20:40:32 PDT 2019; root:xnu-4903.251.3~3/RELEASE_X86_64 x86_64
rlimit: STACK 8192k, CORE 0k, NPROC 2128, NOFILE 10240, AS infinity, DATA infinity, FSIZE infinity
load average:1.56 1.80 1.98

CPU:total 4 (initial active 4) (4 cores per cpu, 1 threads per core) family 6 model 158 stepping 9, cmov, cx8, fxsr, mmx, sse, sse2, sse3, ssse3, sse4.1, sse4.2, popcnt, avx, avx2, aes, clmul, erms, rtm, 3dnowpref, lzcnt, tsc, tscinvbit, bmi1, bmi2, adx, fma

Memory: 4k page, physical 25165824k(172724k free)

vm_info: Java HotSpot(TM) 64-Bit Server VM (12+33) for bsd-amd64 JRE (12+33), built on Feb 21 2019 02:24:18 by "mach5one" with gcc 4.2.1 Compatible Apple LLVM 9.1.0 (clang-902.0.39.2)

END.
