Wed Jan 23 2019 22:51:02 GMT-0800 (Pacific Standard Time): GET /
Wed Jan 23 2019 22:51:05 GMT-0800 (Pacific Standard Time): GET /about
Wed Jan 23 2019 22:51:07 GMT-0800 (Pacific Standard Time): GET /
Wed Jan 23 2019 23:11:43 GMT-0800 (Pacific Standard Time): GET /
Wed Jan 23 2019 23:11:57 GMT-0800 (Pacific Standard Time): GET /
Wed Jan 23 2019 23:12:02 GMT-0800 (Pacific Standard Time): GET /
Wed Jan 23 2019 23:14:39 GMT-0800 (Pacific Standard Time): GET /about
Wed Jan 23 2019 23:15:08 GMT-0800 (Pacific Standard Time): GET /about
Wed Jan 23 2019 23:15:42 GMT-0800 (Pacific Standard Time): GET /about
Wed Jan 23 2019 23:17:36 GMT-0800 (Pacific Standard Time): GET /help.html
Fri Jan 25 2019 00:08:24 GMT-0800 (Pacific Standard Time): GET /
Fri Jan 25 2019 00:08:39 GMT-0800 (Pacific Standard Time): GET /
Fri Jan 25 2019 00:08:41 GMT-0800 (Pacific Standard Time): GET /projects
Fri Jan 25 2019 00:08:47 GMT-0800 (Pacific Standard Time): GET /
Fri Jan 25 2019 00:16:20 GMT-0800 (Pacific Standard Time): GET /
Fri Jan 25 2019 00:16:25 GMT-0800 (Pacific Standard Time): GET /projects
Fri Jan 25 2019 00:16:59 GMT-0800 (Pacific Standard Time): GET /projects
Fri Jan 25 2019 00:17:44 GMT-0800 (Pacific Standard Time): GET /projects
Fri Jan 25 2019 00:18:30 GMT-0800 (Pacific Standard Time): GET /about
Fri Jan 25 2019 00:18:32 GMT-0800 (Pacific Standard Time): GET /
